
*** Running vivado
    with args -log NeuralNetHandWritten_v1_0.vds -m64 -product Vivado -mode batch -messageDb vivado.pb -notrace -source NeuralNetHandWritten_v1_0.tcl


****** Vivado v2018.3 (64-bit)
  **** SW Build 2405991 on Thu Dec  6 23:36:41 MST 2018
  **** IP Build 2404404 on Fri Dec  7 01:43:56 MST 2018
    ** Copyright 1986-2018 Xilinx, Inc. All Rights Reserved.

source NeuralNetHandWritten_v1_0.tcl -notrace
INFO: [IP_Flow 19-234] Refreshing IP repositories
INFO: [IP_Flow 19-1700] Loaded user IP repository '/home/rewingchow/NN_16/AXISHandWritten_16/AXISHandWritten/NeuralNetHandWritten_1_0'.
WARNING: [IP_Flow 19-2207] Repository '/home/rewingchow/NN_16/AXISHandWritten_16/AXISHandWritten/NeuralNetHandWritten_1_0' already exists; ignoring attempt to add it again.
INFO: [IP_Flow 19-1700] Loaded user IP repository '/home/rewingchow/NN_16/AXISHandWritten_16/AXISHandWritten/NeuralNetHandWritten_1_0'.
INFO: [IP_Flow 19-2313] Loaded Vivado IP repository '/opt/mnt/Xilinx/Vivado/2018.3/data/ip'.
WARNING: [filemgmt 56-99] Vivado Synthesis ignores library specification for Verilog or SystemVerilog files. [/home/rewingchow/NN_16/AXISHandWritten_16/AXISHandWritten/NeuralNetHandWritten_1_0/hdl/NeuralNetHandWritten_v1_0_M00_AXIS.v:]
WARNING: [filemgmt 56-99] Vivado Synthesis ignores library specification for Verilog or SystemVerilog files. [/home/rewingchow/NN_16/AXISHandWritten_16/AXISHandWritten/NeuralNetHandWritten_1_0/hdl/NeuralNetHandWritten_v1_0_S00_AXIS.v:]
WARNING: [filemgmt 56-99] Vivado Synthesis ignores library specification for Verilog or SystemVerilog files. [/home/rewingchow/NN_16/AXISHandWritten_16/AXISHandWritten/NeuralNetHandWritten_1_0/hdl/NeuralNetHandWritten_v1_0.v:]
Command: synth_design -top NeuralNetHandWritten_v1_0 -part xc7a200tsbg484-1
Starting synth_design
Attempting to get a license for feature 'Synthesis' and/or device 'xc7a200t'
INFO: [Common 17-349] Got license for feature 'Synthesis' and/or device 'xc7a200t'
INFO: Launching helper process for spawning children vivado processes
INFO: Helper process launched with PID 123581 
---------------------------------------------------------------------------------
Starting Synthesize : Time (s): cpu = 00:00:02 ; elapsed = 00:00:03 . Memory (MB): peak = 1461.840 ; gain = 89.938 ; free physical = 124558 ; free virtual = 125580
---------------------------------------------------------------------------------
INFO: [Synth 8-6157] synthesizing module 'NeuralNetHandWritten_v1_0' [/home/rewingchow/NN_16/AXISHandWritten_16/AXISHandWritten/NeuralNetHandWritten_1_0/hdl/NeuralNetHandWritten_v1_0.v:4]
	Parameter DATA_WIDTH bound to: 16 - type: integer 
	Parameter L1_Neuron_No bound to: 784 - type: integer 
	Parameter L2_Neuron_No bound to: 16 - type: integer 
	Parameter L3_Neuron_No bound to: 10 - type: integer 
	Parameter C_S00_AXIS_TDATA_WIDTH bound to: 32 - type: integer 
	Parameter C_M00_AXIS_TDATA_WIDTH bound to: 32 - type: integer 
	Parameter C_M00_AXIS_START_COUNT bound to: 32 - type: integer 
INFO: [Synth 8-6157] synthesizing module 'NeuralNetHandWritten_v1_0_S00_AXIS' [/home/rewingchow/NN_16/AXISHandWritten_16/AXISHandWritten/NeuralNetHandWritten_1_0/hdl/NeuralNetHandWritten_v1_0_S00_AXIS.v:4]
WARNING: [Synth 8-6104] Input port 'bit_depth' has an internal driver [/home/rewingchow/NN_16/AXISHandWritten_16/AXISHandWritten/NeuralNetHandWritten_1_0/hdl/NeuralNetHandWritten_v1_0_S00_AXIS.v:42]
WARNING: [Synth 8-6104] Input port 'bit_depth' has an internal driver [/home/rewingchow/NN_16/AXISHandWritten_16/AXISHandWritten/NeuralNetHandWritten_1_0/hdl/NeuralNetHandWritten_v1_0_S00_AXIS.v:42]
WARNING: [Synth 8-6104] Input port 'bit_depth' has an internal driver [/home/rewingchow/NN_16/AXISHandWritten_16/AXISHandWritten/NeuralNetHandWritten_1_0/hdl/NeuralNetHandWritten_v1_0_S00_AXIS.v:42]
WARNING: [Synth 8-6104] Input port 'bit_depth' has an internal driver [/home/rewingchow/NN_16/AXISHandWritten_16/AXISHandWritten/NeuralNetHandWritten_1_0/hdl/NeuralNetHandWritten_v1_0_S00_AXIS.v:42]
WARNING: [Synth 8-6104] Input port 'bit_depth' has an internal driver [/home/rewingchow/NN_16/AXISHandWritten_16/AXISHandWritten/NeuralNetHandWritten_1_0/hdl/NeuralNetHandWritten_v1_0_S00_AXIS.v:42]
WARNING: [Synth 8-6104] Input port 'bit_depth' has an internal driver [/home/rewingchow/NN_16/AXISHandWritten_16/AXISHandWritten/NeuralNetHandWritten_1_0/hdl/NeuralNetHandWritten_v1_0_S00_AXIS.v:42]
WARNING: [Synth 8-6104] Input port 'bit_depth' has an internal driver [/home/rewingchow/NN_16/AXISHandWritten_16/AXISHandWritten/NeuralNetHandWritten_1_0/hdl/NeuralNetHandWritten_v1_0_S00_AXIS.v:42]
WARNING: [Synth 8-6104] Input port 'bit_depth' has an internal driver [/home/rewingchow/NN_16/AXISHandWritten_16/AXISHandWritten/NeuralNetHandWritten_1_0/hdl/NeuralNetHandWritten_v1_0_S00_AXIS.v:42]
WARNING: [Synth 8-6104] Input port 'bit_depth' has an internal driver [/home/rewingchow/NN_16/AXISHandWritten_16/AXISHandWritten/NeuralNetHandWritten_1_0/hdl/NeuralNetHandWritten_v1_0_S00_AXIS.v:42]
	Parameter L1_Neuron_No bound to: 784 - type: integer 
	Parameter DATA_WIDTH bound to: 16 - type: integer 
	Parameter C_S_AXIS_TDATA_WIDTH bound to: 32 - type: integer 
	Parameter NUMBER_OF_INPUT_WORDS bound to: 392 - type: integer 
	Parameter bit_num bound to: 9 - type: integer 
	Parameter IDLE bound to: 2'b00 
	Parameter WRITE_FIFO bound to: 2'b01 
INFO: [Synth 8-5534] Detected attribute (* keep = "true" *) [/home/rewingchow/NN_16/AXISHandWritten_16/AXISHandWritten/NeuralNetHandWritten_1_0/hdl/NeuralNetHandWritten_v1_0_S00_AXIS.v:58]
INFO: [Synth 8-5534] Detected attribute (* keep = "true" *) [/home/rewingchow/NN_16/AXISHandWritten_16/AXISHandWritten/NeuralNetHandWritten_1_0/hdl/NeuralNetHandWritten_v1_0_S00_AXIS.v:61]
INFO: [Synth 8-5534] Detected attribute (* keep = "true" *) [/home/rewingchow/NN_16/AXISHandWritten_16/AXISHandWritten/NeuralNetHandWritten_1_0/hdl/NeuralNetHandWritten_v1_0_S00_AXIS.v:66]
INFO: [Synth 8-5534] Detected attribute (* keep = "true" *) [/home/rewingchow/NN_16/AXISHandWritten_16/AXISHandWritten/NeuralNetHandWritten_1_0/hdl/NeuralNetHandWritten_v1_0_S00_AXIS.v:72]
INFO: [Synth 8-5534] Detected attribute (* keep = "true" *) [/home/rewingchow/NN_16/AXISHandWritten_16/AXISHandWritten/NeuralNetHandWritten_1_0/hdl/NeuralNetHandWritten_v1_0_S00_AXIS.v:75]
INFO: [Synth 8-5534] Detected attribute (* keep = "true" *) [/home/rewingchow/NN_16/AXISHandWritten_16/AXISHandWritten/NeuralNetHandWritten_1_0/hdl/NeuralNetHandWritten_v1_0_S00_AXIS.v:78]
INFO: [Synth 8-5534] Detected attribute (* keep = "true" *) [/home/rewingchow/NN_16/AXISHandWritten_16/AXISHandWritten/NeuralNetHandWritten_1_0/hdl/NeuralNetHandWritten_v1_0_S00_AXIS.v:80]
WARNING: [Synth 8-6104] Input port 'bit_depth' has an internal driver [/home/rewingchow/NN_16/AXISHandWritten_16/AXISHandWritten/NeuralNetHandWritten_1_0/hdl/NeuralNetHandWritten_v1_0_S00_AXIS.v:42]
WARNING: [Synth 8-6104] Input port 'bit_depth' has an internal driver [/home/rewingchow/NN_16/AXISHandWritten_16/AXISHandWritten/NeuralNetHandWritten_1_0/hdl/NeuralNetHandWritten_v1_0_S00_AXIS.v:42]
WARNING: [Synth 8-6104] Input port 'bit_depth' has an internal driver [/home/rewingchow/NN_16/AXISHandWritten_16/AXISHandWritten/NeuralNetHandWritten_1_0/hdl/NeuralNetHandWritten_v1_0_S00_AXIS.v:42]
WARNING: [Synth 8-6104] Input port 'bit_depth' has an internal driver [/home/rewingchow/NN_16/AXISHandWritten_16/AXISHandWritten/NeuralNetHandWritten_1_0/hdl/NeuralNetHandWritten_v1_0_S00_AXIS.v:42]
WARNING: [Synth 8-6104] Input port 'bit_depth' has an internal driver [/home/rewingchow/NN_16/AXISHandWritten_16/AXISHandWritten/NeuralNetHandWritten_1_0/hdl/NeuralNetHandWritten_v1_0_S00_AXIS.v:42]
WARNING: [Synth 8-6104] Input port 'bit_depth' has an internal driver [/home/rewingchow/NN_16/AXISHandWritten_16/AXISHandWritten/NeuralNetHandWritten_1_0/hdl/NeuralNetHandWritten_v1_0_S00_AXIS.v:42]
WARNING: [Synth 8-6104] Input port 'bit_depth' has an internal driver [/home/rewingchow/NN_16/AXISHandWritten_16/AXISHandWritten/NeuralNetHandWritten_1_0/hdl/NeuralNetHandWritten_v1_0_S00_AXIS.v:42]
WARNING: [Synth 8-6104] Input port 'bit_depth' has an internal driver [/home/rewingchow/NN_16/AXISHandWritten_16/AXISHandWritten/NeuralNetHandWritten_1_0/hdl/NeuralNetHandWritten_v1_0_S00_AXIS.v:42]
WARNING: [Synth 8-6104] Input port 'bit_depth' has an internal driver [/home/rewingchow/NN_16/AXISHandWritten_16/AXISHandWritten/NeuralNetHandWritten_1_0/hdl/NeuralNetHandWritten_v1_0_S00_AXIS.v:42]
INFO: [Synth 8-6155] done synthesizing module 'NeuralNetHandWritten_v1_0_S00_AXIS' (1#1) [/home/rewingchow/NN_16/AXISHandWritten_16/AXISHandWritten/NeuralNetHandWritten_1_0/hdl/NeuralNetHandWritten_v1_0_S00_AXIS.v:4]
INFO: [Synth 8-6157] synthesizing module 'NeuralNetHandWritten_v1_0_M00_AXIS' [/home/rewingchow/NN_16/AXISHandWritten_16/AXISHandWritten/NeuralNetHandWritten_1_0/hdl/NeuralNetHandWritten_v1_0_M00_AXIS.v:4]
WARNING: [Synth 8-6104] Input port 'bit_depth' has an internal driver [/home/rewingchow/NN_16/AXISHandWritten_16/AXISHandWritten/NeuralNetHandWritten_1_0/hdl/NeuralNetHandWritten_v1_0_M00_AXIS.v:47]
WARNING: [Synth 8-6104] Input port 'bit_depth' has an internal driver [/home/rewingchow/NN_16/AXISHandWritten_16/AXISHandWritten/NeuralNetHandWritten_1_0/hdl/NeuralNetHandWritten_v1_0_M00_AXIS.v:47]
WARNING: [Synth 8-6104] Input port 'bit_depth' has an internal driver [/home/rewingchow/NN_16/AXISHandWritten_16/AXISHandWritten/NeuralNetHandWritten_1_0/hdl/NeuralNetHandWritten_v1_0_M00_AXIS.v:47]
WARNING: [Synth 8-6104] Input port 'bit_depth' has an internal driver [/home/rewingchow/NN_16/AXISHandWritten_16/AXISHandWritten/NeuralNetHandWritten_1_0/hdl/NeuralNetHandWritten_v1_0_M00_AXIS.v:47]
WARNING: [Synth 8-6104] Input port 'bit_depth' has an internal driver [/home/rewingchow/NN_16/AXISHandWritten_16/AXISHandWritten/NeuralNetHandWritten_1_0/hdl/NeuralNetHandWritten_v1_0_M00_AXIS.v:47]
WARNING: [Synth 8-6104] Input port 'bit_depth' has an internal driver [/home/rewingchow/NN_16/AXISHandWritten_16/AXISHandWritten/NeuralNetHandWritten_1_0/hdl/NeuralNetHandWritten_v1_0_M00_AXIS.v:47]
WARNING: [Synth 8-6104] Input port 'bit_depth' has an internal driver [/home/rewingchow/NN_16/AXISHandWritten_16/AXISHandWritten/NeuralNetHandWritten_1_0/hdl/NeuralNetHandWritten_v1_0_M00_AXIS.v:47]
WARNING: [Synth 8-6104] Input port 'bit_depth' has an internal driver [/home/rewingchow/NN_16/AXISHandWritten_16/AXISHandWritten/NeuralNetHandWritten_1_0/hdl/NeuralNetHandWritten_v1_0_M00_AXIS.v:47]
WARNING: [Synth 8-6104] Input port 'bit_depth' has an internal driver [/home/rewingchow/NN_16/AXISHandWritten_16/AXISHandWritten/NeuralNetHandWritten_1_0/hdl/NeuralNetHandWritten_v1_0_M00_AXIS.v:47]
	Parameter L3_Neuron_No bound to: 10 - type: integer 
	Parameter DATA_WIDTH bound to: 16 - type: integer 
	Parameter C_M_AXIS_TDATA_WIDTH bound to: 32 - type: integer 
	Parameter C_M_START_COUNT bound to: 32 - type: integer 
	Parameter NUMBER_OF_OUTPUT_WORDS bound to: 10 - type: integer 
	Parameter WAIT_COUNT_BITS bound to: 5 - type: integer 
	Parameter bit_num bound to: 4 - type: integer 
	Parameter IDLE bound to: 2'b00 
	Parameter INIT_COUNTER bound to: 2'b01 
	Parameter SEND_STREAM bound to: 2'b10 
INFO: [Synth 8-5534] Detected attribute (* keep = "true" *) [/home/rewingchow/NN_16/AXISHandWritten_16/AXISHandWritten/NeuralNetHandWritten_1_0/hdl/NeuralNetHandWritten_v1_0_M00_AXIS.v:69]
INFO: [Synth 8-5534] Detected attribute (* keep = "true" *) [/home/rewingchow/NN_16/AXISHandWritten_16/AXISHandWritten/NeuralNetHandWritten_1_0/hdl/NeuralNetHandWritten_v1_0_M00_AXIS.v:72]
INFO: [Synth 8-5534] Detected attribute (* keep = "true" *) [/home/rewingchow/NN_16/AXISHandWritten_16/AXISHandWritten/NeuralNetHandWritten_1_0/hdl/NeuralNetHandWritten_v1_0_M00_AXIS.v:77]
INFO: [Synth 8-5534] Detected attribute (* keep = "true" *) [/home/rewingchow/NN_16/AXISHandWritten_16/AXISHandWritten/NeuralNetHandWritten_1_0/hdl/NeuralNetHandWritten_v1_0_M00_AXIS.v:80]
INFO: [Synth 8-5534] Detected attribute (* keep = "true" *) [/home/rewingchow/NN_16/AXISHandWritten_16/AXISHandWritten/NeuralNetHandWritten_1_0/hdl/NeuralNetHandWritten_v1_0_M00_AXIS.v:83]
INFO: [Synth 8-5534] Detected attribute (* keep = "true" *) [/home/rewingchow/NN_16/AXISHandWritten_16/AXISHandWritten/NeuralNetHandWritten_1_0/hdl/NeuralNetHandWritten_v1_0_M00_AXIS.v:86]
INFO: [Synth 8-5534] Detected attribute (* keep = "true" *) [/home/rewingchow/NN_16/AXISHandWritten_16/AXISHandWritten/NeuralNetHandWritten_1_0/hdl/NeuralNetHandWritten_v1_0_M00_AXIS.v:89]
INFO: [Synth 8-5534] Detected attribute (* keep = "true" *) [/home/rewingchow/NN_16/AXISHandWritten_16/AXISHandWritten/NeuralNetHandWritten_1_0/hdl/NeuralNetHandWritten_v1_0_M00_AXIS.v:92]
INFO: [Synth 8-5534] Detected attribute (* keep = "true" *) [/home/rewingchow/NN_16/AXISHandWritten_16/AXISHandWritten/NeuralNetHandWritten_1_0/hdl/NeuralNetHandWritten_v1_0_M00_AXIS.v:94]
INFO: [Synth 8-5534] Detected attribute (* keep = "true" *) [/home/rewingchow/NN_16/AXISHandWritten_16/AXISHandWritten/NeuralNetHandWritten_1_0/hdl/NeuralNetHandWritten_v1_0_M00_AXIS.v:97]
INFO: [Synth 8-5534] Detected attribute (* keep = "true" *) [/home/rewingchow/NN_16/AXISHandWritten_16/AXISHandWritten/NeuralNetHandWritten_1_0/hdl/NeuralNetHandWritten_v1_0_M00_AXIS.v:100]
INFO: [Synth 8-5534] Detected attribute (* keep = "true" *) [/home/rewingchow/NN_16/AXISHandWritten_16/AXISHandWritten/NeuralNetHandWritten_1_0/hdl/NeuralNetHandWritten_v1_0_M00_AXIS.v:102]
INFO: [Synth 8-155] case statement is not full and has no default [/home/rewingchow/NN_16/AXISHandWritten_16/AXISHandWritten/NeuralNetHandWritten_1_0/hdl/NeuralNetHandWritten_v1_0_M00_AXIS.v:121]
WARNING: [Synth 8-6104] Input port 'bit_depth' has an internal driver [/home/rewingchow/NN_16/AXISHandWritten_16/AXISHandWritten/NeuralNetHandWritten_1_0/hdl/NeuralNetHandWritten_v1_0_M00_AXIS.v:47]
WARNING: [Synth 8-6104] Input port 'bit_depth' has an internal driver [/home/rewingchow/NN_16/AXISHandWritten_16/AXISHandWritten/NeuralNetHandWritten_1_0/hdl/NeuralNetHandWritten_v1_0_M00_AXIS.v:47]
WARNING: [Synth 8-6104] Input port 'bit_depth' has an internal driver [/home/rewingchow/NN_16/AXISHandWritten_16/AXISHandWritten/NeuralNetHandWritten_1_0/hdl/NeuralNetHandWritten_v1_0_M00_AXIS.v:47]
WARNING: [Synth 8-6104] Input port 'bit_depth' has an internal driver [/home/rewingchow/NN_16/AXISHandWritten_16/AXISHandWritten/NeuralNetHandWritten_1_0/hdl/NeuralNetHandWritten_v1_0_M00_AXIS.v:47]
WARNING: [Synth 8-6104] Input port 'bit_depth' has an internal driver [/home/rewingchow/NN_16/AXISHandWritten_16/AXISHandWritten/NeuralNetHandWritten_1_0/hdl/NeuralNetHandWritten_v1_0_M00_AXIS.v:47]
WARNING: [Synth 8-6104] Input port 'bit_depth' has an internal driver [/home/rewingchow/NN_16/AXISHandWritten_16/AXISHandWritten/NeuralNetHandWritten_1_0/hdl/NeuralNetHandWritten_v1_0_M00_AXIS.v:47]
WARNING: [Synth 8-6104] Input port 'bit_depth' has an internal driver [/home/rewingchow/NN_16/AXISHandWritten_16/AXISHandWritten/NeuralNetHandWritten_1_0/hdl/NeuralNetHandWritten_v1_0_M00_AXIS.v:47]
WARNING: [Synth 8-6104] Input port 'bit_depth' has an internal driver [/home/rewingchow/NN_16/AXISHandWritten_16/AXISHandWritten/NeuralNetHandWritten_1_0/hdl/NeuralNetHandWritten_v1_0_M00_AXIS.v:47]
WARNING: [Synth 8-6104] Input port 'bit_depth' has an internal driver [/home/rewingchow/NN_16/AXISHandWritten_16/AXISHandWritten/NeuralNetHandWritten_1_0/hdl/NeuralNetHandWritten_v1_0_M00_AXIS.v:47]
INFO: [Synth 8-6155] done synthesizing module 'NeuralNetHandWritten_v1_0_M00_AXIS' (2#1) [/home/rewingchow/NN_16/AXISHandWritten_16/AXISHandWritten/NeuralNetHandWritten_1_0/hdl/NeuralNetHandWritten_v1_0_M00_AXIS.v:4]
INFO: [Synth 8-6157] synthesizing module 'NeuralNet' [/home/rewingchow/NN_16/AXISHandWritten_16/AXISHandWritten/NeuralNetHandWritten_1_0/src/NeuralNet.v:23]
	Parameter DATA_WIDTH bound to: 16 - type: integer 
	Parameter L1_Neuron_No bound to: 784 - type: integer 
	Parameter L2_Neuron_No bound to: 16 - type: integer 
	Parameter L3_Neuron_No bound to: 10 - type: integer 
	Parameter LUT_WIDTH bound to: 14 - type: integer 
	Parameter NUM_OF_EXT_BITS_L2 bound to: 10 - type: integer 
	Parameter NUM_OF_EXT_BITS_L3 bound to: 5 - type: integer 
	Parameter idle bound to: 4'b0000 
	Parameter read_data bound to: 4'b0001 
	Parameter mult1 bound to: 4'b0010 
	Parameter relu bound to: 4'b0011 
	Parameter mult2 bound to: 4'b0100 
	Parameter sigm bound to: 4'b0101 
	Parameter out bound to: 4'b0110 
INFO: [Synth 8-5534] Detected attribute (* rom_style = "BLOCK" *) [/home/rewingchow/NN_16/AXISHandWritten_16/AXISHandWritten/NeuralNetHandWritten_1_0/src/NeuralNet.v:51]
INFO: [Synth 8-5534] Detected attribute (* rom_style = "BLOCK" *) [/home/rewingchow/NN_16/AXISHandWritten_16/AXISHandWritten/NeuralNetHandWritten_1_0/src/NeuralNet.v:53]
INFO: [Synth 8-5534] Detected attribute (* rom_style = "BLOCK" *) [/home/rewingchow/NN_16/AXISHandWritten_16/AXISHandWritten/NeuralNetHandWritten_1_0/src/NeuralNet.v:56]
INFO: [Synth 8-5534] Detected attribute (* rom_style = "BLOCK" *) [/home/rewingchow/NN_16/AXISHandWritten_16/AXISHandWritten/NeuralNetHandWritten_1_0/src/NeuralNet.v:58]
INFO: [Synth 8-3876] $readmem data file 'weights_layer1_2.mem' is read successfully [/home/rewingchow/NN_16/AXISHandWritten_16/AXISHandWritten/NeuralNetHandWritten_1_0/src/NeuralNet.v:290]
INFO: [Synth 8-3876] $readmem data file 'weights_layer2_3.mem' is read successfully [/home/rewingchow/NN_16/AXISHandWritten_16/AXISHandWritten/NeuralNetHandWritten_1_0/src/NeuralNet.v:291]
INFO: [Synth 8-3876] $readmem data file 'bias_layer2.mem' is read successfully [/home/rewingchow/NN_16/AXISHandWritten_16/AXISHandWritten/NeuralNetHandWritten_1_0/src/NeuralNet.v:292]
INFO: [Synth 8-3876] $readmem data file 'bias_layer3.mem' is read successfully [/home/rewingchow/NN_16/AXISHandWritten_16/AXISHandWritten/NeuralNetHandWritten_1_0/src/NeuralNet.v:293]
INFO: [Synth 8-6157] synthesizing module 'VecMult' [/home/rewingchow/NN_16/AXISHandWritten_16/AXISHandWritten/NeuralNetHandWritten_1_0/src/VecMult.v:23]
	Parameter DATA_WIDTH bound to: 16 - type: integer 
	Parameter VECTOR_SZ bound to: 784 - type: integer 
	Parameter LOG_VEC_SZ bound to: 10 - type: integer 
INFO: [Synth 8-5534] Detected attribute (* keep = "true" *) [/home/rewingchow/NN_16/AXISHandWritten_16/AXISHandWritten/NeuralNetHandWritten_1_0/src/VecMult.v:42]
INFO: [Synth 8-6155] done synthesizing module 'VecMult' (3#1) [/home/rewingchow/NN_16/AXISHandWritten_16/AXISHandWritten/NeuralNetHandWritten_1_0/src/VecMult.v:23]
INFO: [Synth 8-6157] synthesizing module 'RelU' [/home/rewingchow/NN_16/AXISHandWritten_16/AXISHandWritten/NeuralNetHandWritten_1_0/src/RelU.v:23]
	Parameter DATA_WIDTH bound to: 16 - type: integer 
	Parameter NUM_OF_INPUTS bound to: 16 - type: integer 
INFO: [Synth 8-6155] done synthesizing module 'RelU' (4#1) [/home/rewingchow/NN_16/AXISHandWritten_16/AXISHandWritten/NeuralNetHandWritten_1_0/src/RelU.v:23]
INFO: [Synth 8-6157] synthesizing module 'VecMult__parameterized0' [/home/rewingchow/NN_16/AXISHandWritten_16/AXISHandWritten/NeuralNetHandWritten_1_0/src/VecMult.v:23]
	Parameter DATA_WIDTH bound to: 16 - type: integer 
	Parameter VECTOR_SZ bound to: 16 - type: integer 
	Parameter LOG_VEC_SZ bound to: 5 - type: integer 
INFO: [Synth 8-6155] done synthesizing module 'VecMult__parameterized0' (4#1) [/home/rewingchow/NN_16/AXISHandWritten_16/AXISHandWritten/NeuralNetHandWritten_1_0/src/VecMult.v:23]
INFO: [Synth 8-6157] synthesizing module 'Sigmoid' [/home/rewingchow/NN_16/AXISHandWritten_16/AXISHandWritten/NeuralNetHandWritten_1_0/src/Sigmoid.v:23]
	Parameter DATA_WIDTH bound to: 16 - type: integer 
	Parameter LUT_WIDTH bound to: 14 - type: integer 
	Parameter NUM_OF_INPUTS bound to: 10 - type: integer 
INFO: [Synth 8-3876] $readmem data file 'lut14.mem' is read successfully [/home/rewingchow/NN_16/AXISHandWritten_16/AXISHandWritten/NeuralNetHandWritten_1_0/src/Sigmoid.v:54]
INFO: [Synth 8-6155] done synthesizing module 'Sigmoid' (5#1) [/home/rewingchow/NN_16/AXISHandWritten_16/AXISHandWritten/NeuralNetHandWritten_1_0/src/Sigmoid.v:23]
INFO: [Synth 8-6155] done synthesizing module 'NeuralNet' (6#1) [/home/rewingchow/NN_16/AXISHandWritten_16/AXISHandWritten/NeuralNetHandWritten_1_0/src/NeuralNet.v:23]
INFO: [Synth 8-6155] done synthesizing module 'NeuralNetHandWritten_v1_0' (7#1) [/home/rewingchow/NN_16/AXISHandWritten_16/AXISHandWritten/NeuralNetHandWritten_1_0/hdl/NeuralNetHandWritten_v1_0.v:4]
WARNING: [Synth 8-3331] design NeuralNetHandWritten_v1_0_S00_AXIS has unconnected port S_AXIS_TSTRB[3]
WARNING: [Synth 8-3331] design NeuralNetHandWritten_v1_0_S00_AXIS has unconnected port S_AXIS_TSTRB[2]
WARNING: [Synth 8-3331] design NeuralNetHandWritten_v1_0_S00_AXIS has unconnected port S_AXIS_TSTRB[1]
WARNING: [Synth 8-3331] design NeuralNetHandWritten_v1_0_S00_AXIS has unconnected port S_AXIS_TSTRB[0]
---------------------------------------------------------------------------------
Finished Synthesize : Time (s): cpu = 00:12:56 ; elapsed = 00:16:42 . Memory (MB): peak = 87094.082 ; gain = 85722.180 ; free physical = 62103 ; free virtual = 63198
---------------------------------------------------------------------------------
---------------------------------------------------------------------------------
Finished Constraint Validation : Time (s): cpu = 00:15:54 ; elapsed = 00:21:06 . Memory (MB): peak = 87094.082 ; gain = 85722.180 ; free physical = 62576 ; free virtual = 63672
---------------------------------------------------------------------------------
INFO: [Synth 8-5580] Multithreading enabled for synth_design using a maximum of 4 processes.
INFO: [Synth 8-5546] ROM "mst_exec_state" won't be mapped to RAM because it is too sparse
INFO: [Synth 8-802] inferred FSM for state register 'state_reg' in module 'NeuralNet'
INFO: [Synth 8-5544] ROM "out_valid" won't be mapped to Block RAM because address size (4) smaller than threshold (5)
INFO: [Synth 8-5544] ROM "en_mult1" won't be mapped to Block RAM because address size (4) smaller than threshold (5)
INFO: [Synth 8-5544] ROM "state" won't be mapped to Block RAM because address size (1) smaller than threshold (5)
INFO: [Synth 8-5544] ROM "state" won't be mapped to Block RAM because address size (1) smaller than threshold (5)
INFO: [Synth 8-5544] ROM "state" won't be mapped to Block RAM because address size (1) smaller than threshold (5)
INFO: [Synth 8-5544] ROM "state" won't be mapped to Block RAM because address size (1) smaller than threshold (5)
---------------------------------------------------------------------------------------------------
                   State |                     New Encoding |                Previous Encoding 
---------------------------------------------------------------------------------------------------
                    idle |                          0000001 |                             0000
               read_data |                          0000010 |                             0001
                   mult1 |                          0000100 |                             0010
                    relu |                          0001000 |                             0011
                   mult2 |                          0010000 |                             0100
                    sigm |                          0100000 |                             0101
                     out |                          1000000 |                             0110
---------------------------------------------------------------------------------------------------
INFO: [Synth 8-3354] encoded FSM with state register 'state_reg' using encoding 'one-hot' in module 'NeuralNet'
---------------------------------------------------------------------------------
Finished RTL Optimization Phase 2 : Time (s): cpu = 00:24:05 ; elapsed = 00:33:05 . Memory (MB): peak = 87118.094 ; gain = 85746.191 ; free physical = 108225 ; free virtual = 109330
---------------------------------------------------------------------------------

Report RTL Partitions: 
+------+----------------------------------------+------------+----------+
|      |RTL Partition                           |Replication |Instances |
+------+----------------------------------------+------------+----------+
|1     |NeuralNetHandWritten_v1_0_S00_AXIS__GB0 |           1|     32997|
|2     |NeuralNetHandWritten_v1_0_S00_AXIS__GB1 |           1|     32928|
|3     |VecMult                                 |          16|     25784|
|4     |Sigmoid__GB0                            |           1|     33248|
|5     |Sigmoid__GB1                            |           1|      8407|
|6     |Sigmoid__GB2                            |           1|      8218|
|7     |Sigmoid__GB3                            |           1|     16848|
|8     |Sigmoid__GB4                            |           1|      8240|
|9     |Sigmoid__GB5                            |           1|      8344|
|10    |NeuralNet__GC0                          |           1|     25882|
|11    |NeuralNetHandWritten_v1_0_M00_AXIS      |           1|       685|
+------+----------------------------------------+------------+----------+
No constraint files found.
---------------------------------------------------------------------------------
Start RTL Component Statistics 
---------------------------------------------------------------------------------
Detailed RTL Component Info : 
+---Adders : 
	   2 Input      9 Bit       Adders := 1     
	   2 Input      5 Bit       Adders := 1     
	   2 Input      4 Bit       Adders := 1     
+---Registers : 
	               32 Bit    Registers := 393   
	               30 Bit    Registers := 26    
	               16 Bit    Registers := 888   
	               14 Bit    Registers := 10    
	                9 Bit    Registers := 1     
	                5 Bit    Registers := 1     
	                4 Bit    Registers := 1     
	                2 Bit    Registers := 1     
	                1 Bit    Registers := 183   
+---Muxes : 
	   2 Input     42 Bit        Muxes := 32    
	   2 Input     37 Bit        Muxes := 20    
	   2 Input     32 Bit        Muxes := 784   
	   2 Input     16 Bit        Muxes := 144   
	   2 Input      9 Bit        Muxes := 1     
	   7 Input      7 Bit        Muxes := 1     
	   2 Input      7 Bit        Muxes := 5     
	   2 Input      4 Bit        Muxes := 2     
	   6 Input      2 Bit        Muxes := 1     
	   2 Input      1 Bit        Muxes := 260   
	   4 Input      1 Bit        Muxes := 2     
	   7 Input      1 Bit        Muxes := 3     
---------------------------------------------------------------------------------
Finished RTL Component Statistics 
---------------------------------------------------------------------------------
---------------------------------------------------------------------------------
Start RTL Hierarchical Component Statistics 
---------------------------------------------------------------------------------
Hierarchical RTL Component report 
Module NeuralNetHandWritten_v1_0_S00_AXIS 
Detailed RTL Component Info : 
+---Adders : 
	   2 Input      9 Bit       Adders := 1     
+---Registers : 
	               32 Bit    Registers := 392   
	                9 Bit    Registers := 1     
	                1 Bit    Registers := 3     
+---Muxes : 
	   2 Input     32 Bit        Muxes := 784   
	   2 Input      9 Bit        Muxes := 1     
	   2 Input      1 Bit        Muxes := 4     
Module NeuralNetHandWritten_v1_0_M00_AXIS 
Detailed RTL Component Info : 
+---Adders : 
	   2 Input      5 Bit       Adders := 1     
	   2 Input      4 Bit       Adders := 1     
+---Registers : 
	               32 Bit    Registers := 1     
	               16 Bit    Registers := 10    
	                5 Bit    Registers := 1     
	                4 Bit    Registers := 1     
	                2 Bit    Registers := 1     
	                1 Bit    Registers := 4     
+---Muxes : 
	   2 Input     16 Bit        Muxes := 10    
	   2 Input      4 Bit        Muxes := 2     
	   6 Input      2 Bit        Muxes := 1     
	   4 Input      1 Bit        Muxes := 2     
	   2 Input      1 Bit        Muxes := 6     
Module VecMult 
Detailed RTL Component Info : 
+---Registers : 
	               30 Bit    Registers := 1     
	               16 Bit    Registers := 1     
	                1 Bit    Registers := 6     
+---Muxes : 
	   2 Input     42 Bit        Muxes := 2     
	   2 Input     16 Bit        Muxes := 3     
	   2 Input      1 Bit        Muxes := 8     
Module Sigmoid 
Detailed RTL Component Info : 
+---Registers : 
	               14 Bit    Registers := 10    
	                1 Bit    Registers := 13    
+---Muxes : 
	   2 Input     16 Bit        Muxes := 40    
	   2 Input      1 Bit        Muxes := 30    
Module RelU 
Detailed RTL Component Info : 
+---Registers : 
	               16 Bit    Registers := 16    
	                1 Bit    Registers := 2     
+---Muxes : 
	   2 Input     16 Bit        Muxes := 16    
	   2 Input      1 Bit        Muxes := 1     
Module VecMult__parameterized0__1 
Detailed RTL Component Info : 
+---Registers : 
	               30 Bit    Registers := 1     
	               16 Bit    Registers := 1     
	                1 Bit    Registers := 6     
+---Muxes : 
	   2 Input     37 Bit        Muxes := 2     
	   2 Input     16 Bit        Muxes := 3     
	   2 Input      1 Bit        Muxes := 8     
Module VecMult__parameterized0__2 
Detailed RTL Component Info : 
+---Registers : 
	               30 Bit    Registers := 1     
	               16 Bit    Registers := 1     
	                1 Bit    Registers := 6     
+---Muxes : 
	   2 Input     37 Bit        Muxes := 2     
	   2 Input     16 Bit        Muxes := 3     
	   2 Input      1 Bit        Muxes := 8     
Module VecMult__parameterized0__3 
Detailed RTL Component Info : 
+---Registers : 
	               30 Bit    Registers := 1     
	               16 Bit    Registers := 1     
	                1 Bit    Registers := 6     
+---Muxes : 
	   2 Input     37 Bit        Muxes := 2     
	   2 Input     16 Bit        Muxes := 3     
	   2 Input      1 Bit        Muxes := 8     
Module VecMult__parameterized0__4 
Detailed RTL Component Info : 
+---Registers : 
	               30 Bit    Registers := 1     
	               16 Bit    Registers := 1     
	                1 Bit    Registers := 6     
+---Muxes : 
	   2 Input     37 Bit        Muxes := 2     
	   2 Input     16 Bit        Muxes := 3     
	   2 Input      1 Bit        Muxes := 8     
Module VecMult__parameterized0__5 
Detailed RTL Component Info : 
+---Registers : 
	               30 Bit    Registers := 1     
	               16 Bit    Registers := 1     
	                1 Bit    Registers := 6     
+---Muxes : 
	   2 Input     37 Bit        Muxes := 2     
	   2 Input     16 Bit        Muxes := 3     
	   2 Input      1 Bit        Muxes := 8     
Module VecMult__parameterized0__6 
Detailed RTL Component Info : 
+---Registers : 
	               30 Bit    Registers := 1     
	               16 Bit    Registers := 1     
	                1 Bit    Registers := 6     
+---Muxes : 
	   2 Input     37 Bit        Muxes := 2     
	   2 Input     16 Bit        Muxes := 3     
	   2 Input      1 Bit        Muxes := 8     
Module VecMult__parameterized0__7 
Detailed RTL Component Info : 
+---Registers : 
	               30 Bit    Registers := 1     
	               16 Bit    Registers := 1     
	                1 Bit    Registers := 6     
+---Muxes : 
	   2 Input     37 Bit        Muxes := 2     
	   2 Input     16 Bit        Muxes := 3     
	   2 Input      1 Bit        Muxes := 8     
Module VecMult__parameterized0__8 
Detailed RTL Component Info : 
+---Registers : 
	               30 Bit    Registers := 1     
	               16 Bit    Registers := 1     
	                1 Bit    Registers := 6     
+---Muxes : 
	   2 Input     37 Bit        Muxes := 2     
	   2 Input     16 Bit        Muxes := 3     
	   2 Input      1 Bit        Muxes := 8     
Module VecMult__parameterized0__9 
Detailed RTL Component Info : 
+---Registers : 
	               30 Bit    Registers := 1     
	               16 Bit    Registers := 1     
	                1 Bit    Registers := 6     
+---Muxes : 
	   2 Input     37 Bit        Muxes := 2     
	   2 Input     16 Bit        Muxes := 3     
	   2 Input      1 Bit        Muxes := 8     
Module VecMult__parameterized0 
Detailed RTL Component Info : 
+---Registers : 
	               30 Bit    Registers := 1     
	               16 Bit    Registers := 1     
	                1 Bit    Registers := 6     
+---Muxes : 
	   2 Input     37 Bit        Muxes := 2     
	   2 Input     16 Bit        Muxes := 3     
	   2 Input      1 Bit        Muxes := 8     
Module NeuralNet 
Detailed RTL Component Info : 
+---Registers : 
	               16 Bit    Registers := 836   
	                1 Bit    Registers := 5     
+---Muxes : 
	   7 Input      7 Bit        Muxes := 1     
	   2 Input      7 Bit        Muxes := 5     
	   2 Input      1 Bit        Muxes := 11    
	   7 Input      1 Bit        Muxes := 3     
---------------------------------------------------------------------------------
Finished RTL Hierarchical Component Statistics
---------------------------------------------------------------------------------
---------------------------------------------------------------------------------
Start Part Resource Summary
---------------------------------------------------------------------------------
Part Resources:
DSPs: 740 (col length:100)
BRAMs: 730 (col length: RAMB18 100 RAMB36 50)
---------------------------------------------------------------------------------
Finished Part Resource Summary
---------------------------------------------------------------------------------
No constraint files found.
---------------------------------------------------------------------------------
Start Cross Boundary and Area Optimization
---------------------------------------------------------------------------------
INFO: [Synth 8-5546] ROM "p_0_out" won't be mapped to RAM because it is too sparse
INFO: [Synth 8-5544] ROM "p_0_out" won't be mapped to Block RAM because address size (1) smaller than threshold (5)
INFO: [Synth 8-5544] ROM "p_0_out" won't be mapped to Block RAM because address size (1) smaller than threshold (5)
DSP Report: Generating DSP genblk3[4].in_reg[4], operation Mode is: (C+!CarryIn)'.
DSP Report: register genblk3[4].in_reg[4] is absorbed into DSP genblk3[4].in_reg[4].
DSP Report: operator p_0_out is absorbed into DSP genblk3[4].in_reg[4].
DSP Report: operator p_0_out is absorbed into DSP genblk3[4].in_reg[4].
DSP Report: Generating DSP genblk3[3].in_reg[3], operation Mode is: (C+!CarryIn)'.
DSP Report: register genblk3[3].in_reg[3] is absorbed into DSP genblk3[3].in_reg[3].
DSP Report: operator p_0_out is absorbed into DSP genblk3[3].in_reg[3].
DSP Report: operator p_0_out is absorbed into DSP genblk3[3].in_reg[3].
DSP Report: Generating DSP genblk6[3].out_reg[3], operation Mode is: (C+(A:0x0):B)'.
DSP Report: register genblk6[3].out_reg[3] is absorbed into DSP genblk6[3].out_reg[3].
DSP Report: operator p_0_out is absorbed into DSP genblk6[3].out_reg[3].
INFO: [Synth 8-5544] ROM "p_0_out" won't be mapped to Block RAM because address size (1) smaller than threshold (5)
DSP Report: Generating DSP genblk3[1].in_reg[1], operation Mode is: (C+!CarryIn)'.
DSP Report: register genblk3[1].in_reg[1] is absorbed into DSP genblk3[1].in_reg[1].
DSP Report: operator p_0_out is absorbed into DSP genblk3[1].in_reg[1].
DSP Report: operator p_0_out is absorbed into DSP genblk3[1].in_reg[1].
DSP Report: Generating DSP genblk6[1].out_reg[1], operation Mode is: (C+(A:0x0):B)'.
DSP Report: register genblk6[1].out_reg[1] is absorbed into DSP genblk6[1].out_reg[1].
DSP Report: operator p_0_out is absorbed into DSP genblk6[1].out_reg[1].
WARNING: [Synth 8-3331] design NeuralNetHandWritten_v1_0_S00_AXIS has unconnected port S_AXIS_TSTRB[3]
WARNING: [Synth 8-3331] design NeuralNetHandWritten_v1_0_S00_AXIS has unconnected port S_AXIS_TSTRB[2]
WARNING: [Synth 8-3331] design NeuralNetHandWritten_v1_0_S00_AXIS has unconnected port S_AXIS_TSTRB[1]
WARNING: [Synth 8-3331] design NeuralNetHandWritten_v1_0_S00_AXIS has unconnected port S_AXIS_TSTRB[0]
DSP Report: Generating DSP index_reg, operation Mode is: (P+1)'.
DSP Report: register index_reg is absorbed into DSP index_reg.
DSP Report: operator index0 is absorbed into DSP index_reg.
DSP Report: Generating DSP ext_cnt_reg, operation Mode is: (P+1)'.
DSP Report: register ext_cnt_reg is absorbed into DSP ext_cnt_reg.
DSP Report: operator ext_cnt0 is absorbed into DSP ext_cnt_reg.
DSP Report: Generating DSP add1, operation Mode is: (0 or C)+(A*B or 0).
DSP Report: operator add1 is absorbed into DSP add1.
DSP Report: Generating DSP add_reg, operation Mode is: (PCIN+A:B)'.
DSP Report: register add_reg is absorbed into DSP add_reg.
DSP Report: operator add0 is absorbed into DSP add_reg.
DSP Report: Generating DSP tmp2, operation Mode is: C+A:B.
DSP Report: operator tmp2 is absorbed into DSP tmp2.
INFO: [Synth 8-3886] merging instance 'bias_reg[0]' (FDRE) to 'bias_reg[1]'
INFO: [Synth 8-3886] merging instance 'bias_reg[1]' (FDRE) to 'bias_reg[2]'
INFO: [Synth 8-3886] merging instance 'bias_reg[2]' (FDRE) to 'bias_reg[3]'
INFO: [Synth 8-3886] merging instance 'bias_reg[3]' (FDRE) to 'bias_reg[4]'
INFO: [Synth 8-3886] merging instance 'bias_reg[4]' (FDRE) to 'bias_reg[5]'
INFO: [Synth 8-3886] merging instance 'bias_reg[5]' (FDRE) to 'bias_reg[6]'
INFO: [Synth 8-3886] merging instance 'bias_reg[6]' (FDRE) to 'bias_reg[7]'
INFO: [Synth 8-3886] merging instance 'bias_reg[7]' (FDRE) to 'bias_reg[8]'
INFO: [Synth 8-3886] merging instance 'bias_reg[8]' (FDRE) to 'bias_reg[9]'
INFO: [Synth 8-3886] merging instance 'bias_reg[9]' (FDRE) to 'bias_reg[10]'
INFO: [Synth 8-3886] merging instance 'bias_reg[10]' (FDRE) to 'bias_reg[11]'
INFO: [Synth 8-3333] propagating constant 0 across sequential element (\bias_reg[11] )
INFO: [Synth 8-3886] merging instance 'bias_reg[27]' (FDRE) to 'bias_reg[28]'
INFO: [Synth 8-3886] merging instance 'bias_reg[28]' (FDRE) to 'bias_reg[29]'
INFO: [Synth 8-5544] ROM "p_0_out" won't be mapped to Block RAM because address size (1) smaller than threshold (5)
INFO: [Synth 8-5544] ROM "p_0_out" won't be mapped to Block RAM because address size (1) smaller than threshold (5)
INFO: [Synth 8-5544] ROM "p_0_out" won't be mapped to Block RAM because address size (1) smaller than threshold (5)
INFO: [Synth 8-5544] ROM "p_0_out" won't be mapped to Block RAM because address size (1) smaller than threshold (5)
INFO: [Synth 8-5544] ROM "p_0_out" won't be mapped to Block RAM because address size (1) smaller than threshold (5)
DSP Report: Generating DSP genblk6[4].out_reg[4], operation Mode is: (C+(A:0x0):B)'.
DSP Report: register genblk6[4].out_reg[4] is absorbed into DSP genblk6[4].out_reg[4].
DSP Report: operator p_0_out is absorbed into DSP genblk6[4].out_reg[4].
DSP Report: Generating DSP genblk3[5].in_reg[5], operation Mode is: (C+!CarryIn)'.
DSP Report: register genblk3[5].in_reg[5] is absorbed into DSP genblk3[5].in_reg[5].
DSP Report: operator p_0_out is absorbed into DSP genblk3[5].in_reg[5].
DSP Report: operator p_0_out is absorbed into DSP genblk3[5].in_reg[5].
DSP Report: Generating DSP genblk6[5].out_reg[5], operation Mode is: (C+(A:0x0):B)'.
DSP Report: register genblk6[5].out_reg[5] is absorbed into DSP genblk6[5].out_reg[5].
DSP Report: operator p_0_out is absorbed into DSP genblk6[5].out_reg[5].
DSP Report: Generating DSP genblk3[6].in_reg[6], operation Mode is: (C+!CarryIn)'.
DSP Report: register genblk3[6].in_reg[6] is absorbed into DSP genblk3[6].in_reg[6].
DSP Report: operator p_0_out is absorbed into DSP genblk3[6].in_reg[6].
DSP Report: operator p_0_out is absorbed into DSP genblk3[6].in_reg[6].
DSP Report: Generating DSP genblk6[6].out_reg[6], operation Mode is: (C+(A:0x0):B)'.
DSP Report: register genblk6[6].out_reg[6] is absorbed into DSP genblk6[6].out_reg[6].
DSP Report: operator p_0_out is absorbed into DSP genblk6[6].out_reg[6].
DSP Report: Generating DSP genblk3[7].in_reg[7], operation Mode is: (C+!CarryIn)'.
DSP Report: register genblk3[7].in_reg[7] is absorbed into DSP genblk3[7].in_reg[7].
DSP Report: operator p_0_out is absorbed into DSP genblk3[7].in_reg[7].
DSP Report: operator p_0_out is absorbed into DSP genblk3[7].in_reg[7].
DSP Report: Generating DSP genblk6[7].out_reg[7], operation Mode is: (C+(A:0x0):B)'.
DSP Report: register genblk6[7].out_reg[7] is absorbed into DSP genblk6[7].out_reg[7].
DSP Report: operator p_0_out is absorbed into DSP genblk6[7].out_reg[7].
DSP Report: Generating DSP genblk6[9].out_reg[9], operation Mode is: (C+(A:0x0):B)'.
DSP Report: register genblk6[9].out_reg[9] is absorbed into DSP genblk6[9].out_reg[9].
DSP Report: operator p_0_out is absorbed into DSP genblk6[9].out_reg[9].
INFO: [Synth 8-5544] ROM "p_0_out" won't be mapped to Block RAM because address size (1) smaller than threshold (5)
INFO: [Synth 8-5544] ROM "p_0_out" won't be mapped to Block RAM because address size (1) smaller than threshold (5)
DSP Report: Generating DSP genblk6[0].out_reg[0], operation Mode is: (C+(A:0x0):B)'.
DSP Report: register genblk6[0].out_reg[0] is absorbed into DSP genblk6[0].out_reg[0].
DSP Report: operator p_0_out is absorbed into DSP genblk6[0].out_reg[0].
DSP Report: Generating DSP genblk3[2].in_reg[2], operation Mode is: (C+!CarryIn)'.
DSP Report: register genblk3[2].in_reg[2] is absorbed into DSP genblk3[2].in_reg[2].
DSP Report: operator p_0_out is absorbed into DSP genblk3[2].in_reg[2].
DSP Report: operator p_0_out is absorbed into DSP genblk3[2].in_reg[2].
DSP Report: Generating DSP genblk6[2].out_reg[2], operation Mode is: (C+(A:0x0):B)'.
DSP Report: register genblk6[2].out_reg[2] is absorbed into DSP genblk6[2].out_reg[2].
DSP Report: operator p_0_out is absorbed into DSP genblk6[2].out_reg[2].
DSP Report: Generating DSP genblk3[8].in_reg[8], operation Mode is: (C+!CarryIn)'.
DSP Report: register genblk3[8].in_reg[8] is absorbed into DSP genblk3[8].in_reg[8].
DSP Report: operator p_0_out is absorbed into DSP genblk3[8].in_reg[8].
DSP Report: operator p_0_out is absorbed into DSP genblk3[8].in_reg[8].
DSP Report: Generating DSP genblk6[8].out_reg[8], operation Mode is: (C+(A:0x0):B)'.
DSP Report: register genblk6[8].out_reg[8] is absorbed into DSP genblk6[8].out_reg[8].
DSP Report: operator p_0_out is absorbed into DSP genblk6[8].out_reg[8].
DSP Report: Generating DSP genblk3[9].in_reg[9], operation Mode is: (C+!CarryIn)'.
DSP Report: register genblk3[9].in_reg[9] is absorbed into DSP genblk3[9].in_reg[9].
DSP Report: operator p_0_out is absorbed into DSP genblk3[9].in_reg[9].
DSP Report: operator p_0_out is absorbed into DSP genblk3[9].in_reg[9].
DSP Report: Generating DSP genblk3[0].in_reg[0], operation Mode is: (C+!CarryIn)'.
DSP Report: register genblk3[0].in_reg[0] is absorbed into DSP genblk3[0].in_reg[0].
DSP Report: operator p_0_out is absorbed into DSP genblk3[0].in_reg[0].
DSP Report: operator p_0_out is absorbed into DSP genblk3[0].in_reg[0].
DSP Report: Generating DSP index_reg, operation Mode is: (P+1)'.
DSP Report: register index_reg is absorbed into DSP index_reg.
DSP Report: operator index0 is absorbed into DSP index_reg.
DSP Report: Generating DSP ext_cnt_reg, operation Mode is: (P+1)'.
DSP Report: register ext_cnt_reg is absorbed into DSP ext_cnt_reg.
DSP Report: operator ext_cnt0 is absorbed into DSP ext_cnt_reg.
DSP Report: Generating DSP add1, operation Mode is: (0 or C)+(A*B or 0).
DSP Report: operator add1 is absorbed into DSP add1.
DSP Report: Generating DSP add_reg, operation Mode is: (PCIN+A:B)'.
DSP Report: register add_reg is absorbed into DSP add_reg.
DSP Report: operator add0 is absorbed into DSP add_reg.
DSP Report: Generating DSP tmp2, operation Mode is: C+A:B.
DSP Report: operator tmp2 is absorbed into DSP tmp2.
DSP Report: Generating DSP index_reg, operation Mode is: (P+1)'.
DSP Report: register index_reg is absorbed into DSP index_reg.
DSP Report: operator index0 is absorbed into DSP index_reg.
DSP Report: Generating DSP ext_cnt_reg, operation Mode is: (P+1)'.
DSP Report: register ext_cnt_reg is absorbed into DSP ext_cnt_reg.
DSP Report: operator ext_cnt0 is absorbed into DSP ext_cnt_reg.
DSP Report: Generating DSP add1, operation Mode is: (0 or C)+(A*B or 0).
DSP Report: operator add1 is absorbed into DSP add1.
DSP Report: Generating DSP add_reg, operation Mode is: (PCIN+A:B)'.
DSP Report: register add_reg is absorbed into DSP add_reg.
DSP Report: operator add0 is absorbed into DSP add_reg.
DSP Report: Generating DSP tmp2, operation Mode is: C+A:B.
DSP Report: operator tmp2 is absorbed into DSP tmp2.
DSP Report: Generating DSP index_reg, operation Mode is: (P+1)'.
DSP Report: register index_reg is absorbed into DSP index_reg.
DSP Report: operator index0 is absorbed into DSP index_reg.
DSP Report: Generating DSP ext_cnt_reg, operation Mode is: (P+1)'.
DSP Report: register ext_cnt_reg is absorbed into DSP ext_cnt_reg.
DSP Report: operator ext_cnt0 is absorbed into DSP ext_cnt_reg.
DSP Report: Generating DSP add1, operation Mode is: (0 or C)+(A*B or 0).
DSP Report: operator add1 is absorbed into DSP add1.
DSP Report: Generating DSP add_reg, operation Mode is: (PCIN+A:B)'.
DSP Report: register add_reg is absorbed into DSP add_reg.
DSP Report: operator add0 is absorbed into DSP add_reg.
DSP Report: Generating DSP tmp2, operation Mode is: C+A:B.
DSP Report: operator tmp2 is absorbed into DSP tmp2.
DSP Report: Generating DSP index_reg, operation Mode is: (P+1)'.
DSP Report: register index_reg is absorbed into DSP index_reg.
DSP Report: operator index0 is absorbed into DSP index_reg.
DSP Report: Generating DSP ext_cnt_reg, operation Mode is: (P+1)'.
DSP Report: register ext_cnt_reg is absorbed into DSP ext_cnt_reg.
DSP Report: operator ext_cnt0 is absorbed into DSP ext_cnt_reg.
DSP Report: Generating DSP add1, operation Mode is: (0 or C)+(A*B or 0).
DSP Report: operator add1 is absorbed into DSP add1.
DSP Report: Generating DSP add_reg, operation Mode is: (PCIN+A:B)'.
DSP Report: register add_reg is absorbed into DSP add_reg.
DSP Report: operator add0 is absorbed into DSP add_reg.
DSP Report: Generating DSP tmp2, operation Mode is: C+A:B.
DSP Report: operator tmp2 is absorbed into DSP tmp2.
DSP Report: Generating DSP index_reg, operation Mode is: (P+1)'.
DSP Report: register index_reg is absorbed into DSP index_reg.
DSP Report: operator index0 is absorbed into DSP index_reg.
DSP Report: Generating DSP ext_cnt_reg, operation Mode is: (P+1)'.
DSP Report: register ext_cnt_reg is absorbed into DSP ext_cnt_reg.
DSP Report: operator ext_cnt0 is absorbed into DSP ext_cnt_reg.
DSP Report: Generating DSP add1, operation Mode is: (0 or C)+(A*B or 0).
DSP Report: operator add1 is absorbed into DSP add1.
DSP Report: Generating DSP add_reg, operation Mode is: (PCIN+A:B)'.
DSP Report: register add_reg is absorbed into DSP add_reg.
DSP Report: operator add0 is absorbed into DSP add_reg.
DSP Report: Generating DSP tmp2, operation Mode is: C+A:B.
DSP Report: operator tmp2 is absorbed into DSP tmp2.
DSP Report: Generating DSP index_reg, operation Mode is: (P+1)'.
DSP Report: register index_reg is absorbed into DSP index_reg.
DSP Report: operator index0 is absorbed into DSP index_reg.
DSP Report: Generating DSP ext_cnt_reg, operation Mode is: (P+1)'.
DSP Report: register ext_cnt_reg is absorbed into DSP ext_cnt_reg.
DSP Report: operator ext_cnt0 is absorbed into DSP ext_cnt_reg.
DSP Report: Generating DSP add1, operation Mode is: (0 or C)+(A*B or 0).
DSP Report: operator add1 is absorbed into DSP add1.
DSP Report: Generating DSP add_reg, operation Mode is: (PCIN+A:B)'.
DSP Report: register add_reg is absorbed into DSP add_reg.
DSP Report: operator add0 is absorbed into DSP add_reg.
DSP Report: Generating DSP tmp2, operation Mode is: C+A:B.
DSP Report: operator tmp2 is absorbed into DSP tmp2.
DSP Report: Generating DSP index_reg, operation Mode is: (P+1)'.
DSP Report: register index_reg is absorbed into DSP index_reg.
DSP Report: operator index0 is absorbed into DSP index_reg.
DSP Report: Generating DSP ext_cnt_reg, operation Mode is: (P+1)'.
DSP Report: register ext_cnt_reg is absorbed into DSP ext_cnt_reg.
DSP Report: operator ext_cnt0 is absorbed into DSP ext_cnt_reg.
DSP Report: Generating DSP add1, operation Mode is: (0 or C)+(A*B or 0).
DSP Report: operator add1 is absorbed into DSP add1.
DSP Report: Generating DSP add_reg, operation Mode is: (PCIN+A:B)'.
DSP Report: register add_reg is absorbed into DSP add_reg.
DSP Report: operator add0 is absorbed into DSP add_reg.
DSP Report: Generating DSP tmp2, operation Mode is: C+A:B.
DSP Report: operator tmp2 is absorbed into DSP tmp2.
DSP Report: Generating DSP index_reg, operation Mode is: (P+1)'.
DSP Report: register index_reg is absorbed into DSP index_reg.
DSP Report: operator index0 is absorbed into DSP index_reg.
DSP Report: Generating DSP ext_cnt_reg, operation Mode is: (P+1)'.
DSP Report: register ext_cnt_reg is absorbed into DSP ext_cnt_reg.
DSP Report: operator ext_cnt0 is absorbed into DSP ext_cnt_reg.
DSP Report: Generating DSP add1, operation Mode is: (0 or C)+(A*B or 0).
DSP Report: operator add1 is absorbed into DSP add1.
DSP Report: Generating DSP add_reg, operation Mode is: (PCIN+A:B)'.
DSP Report: register add_reg is absorbed into DSP add_reg.
DSP Report: operator add0 is absorbed into DSP add_reg.
DSP Report: Generating DSP tmp2, operation Mode is: C+A:B.
DSP Report: operator tmp2 is absorbed into DSP tmp2.
DSP Report: Generating DSP index_reg, operation Mode is: (P+1)'.
DSP Report: register index_reg is absorbed into DSP index_reg.
DSP Report: operator index0 is absorbed into DSP index_reg.
DSP Report: Generating DSP ext_cnt_reg, operation Mode is: (P+1)'.
DSP Report: register ext_cnt_reg is absorbed into DSP ext_cnt_reg.
DSP Report: operator ext_cnt0 is absorbed into DSP ext_cnt_reg.
DSP Report: Generating DSP add1, operation Mode is: (0 or C)+(A*B or 0).
DSP Report: operator add1 is absorbed into DSP add1.
DSP Report: Generating DSP add_reg, operation Mode is: (PCIN+A:B)'.
DSP Report: register add_reg is absorbed into DSP add_reg.
DSP Report: operator add0 is absorbed into DSP add_reg.
DSP Report: Generating DSP tmp2, operation Mode is: C+A:B.
DSP Report: operator tmp2 is absorbed into DSP tmp2.
DSP Report: Generating DSP index_reg, operation Mode is: (P+1)'.
DSP Report: register index_reg is absorbed into DSP index_reg.
DSP Report: operator index0 is absorbed into DSP index_reg.
DSP Report: Generating DSP ext_cnt_reg, operation Mode is: (P+1)'.
DSP Report: register ext_cnt_reg is absorbed into DSP ext_cnt_reg.
DSP Report: operator ext_cnt0 is absorbed into DSP ext_cnt_reg.
DSP Report: Generating DSP add1, operation Mode is: (0 or C)+(A*B or 0).
DSP Report: operator add1 is absorbed into DSP add1.
DSP Report: Generating DSP add_reg, operation Mode is: (PCIN+A:B)'.
DSP Report: register add_reg is absorbed into DSP add_reg.
DSP Report: operator add0 is absorbed into DSP add_reg.
DSP Report: Generating DSP tmp2, operation Mode is: C+A:B.
DSP Report: operator tmp2 is absorbed into DSP tmp2.
INFO: [Synth 8-3886] merging instance 'lay2_m1/bias_reg[0]' (FDRE) to 'lay2_m1/bias_reg[1]'
INFO: [Synth 8-3886] merging instance 'lay2_m1/bias_reg[1]' (FDRE) to 'lay2_m1/bias_reg[2]'
INFO: [Synth 8-3886] merging instance 'lay2_m1/bias_reg[2]' (FDRE) to 'lay2_m1/bias_reg[3]'
INFO: [Synth 8-3886] merging instance 'lay2_m1/bias_reg[3]' (FDRE) to 'lay2_m1/bias_reg[4]'
INFO: [Synth 8-3886] merging instance 'lay2_m1/bias_reg[4]' (FDRE) to 'lay2_m1/bias_reg[5]'
INFO: [Synth 8-3886] merging instance 'lay2_m1/bias_reg[5]' (FDRE) to 'lay2_m1/bias_reg[6]'
INFO: [Synth 8-3886] merging instance 'lay2_m1/bias_reg[6]' (FDRE) to 'lay2_m1/bias_reg[7]'
INFO: [Synth 8-3886] merging instance 'lay2_m1/bias_reg[7]' (FDRE) to 'lay2_m1/bias_reg[8]'
INFO: [Synth 8-3886] merging instance 'lay2_m1/bias_reg[8]' (FDRE) to 'lay2_m1/bias_reg[9]'
INFO: [Synth 8-3886] merging instance 'lay2_m1/bias_reg[9]' (FDRE) to 'lay2_m1/bias_reg[10]'
INFO: [Synth 8-3886] merging instance 'lay2_m1/bias_reg[10]' (FDRE) to 'lay2_m1/bias_reg[11]'
INFO: [Synth 8-3886] merging instance 'lay2_m1/bias_reg[11]' (FDRE) to 'lay2_m1/bias_reg[12]'
INFO: [Synth 8-3886] merging instance 'lay2_m1/bias_reg[12]' (FDRE) to 'lay2_m1/bias_reg[15]'
INFO: [Synth 8-3886] merging instance 'lay2_m1/bias_reg[13]' (FDRE) to 'lay2_m1/bias_reg[14]'
INFO: [Synth 8-3886] merging instance 'lay2_m1/bias_reg[14]' (FDRE) to 'lay2_m1/bias_reg[17]'
INFO: [Synth 8-3886] merging instance 'lay2_m1/bias_reg[15]' (FDRE) to 'lay2_m1/bias_reg[16]'
INFO: [Synth 8-3886] merging instance 'lay2_m1/bias_reg[16]' (FDRE) to 'lay2_m1/bias_reg[19]'
INFO: [Synth 8-3886] merging instance 'lay2_m1/bias_reg[17]' (FDRE) to 'lay2_m1/bias_reg[18]'
INFO: [Synth 8-3886] merging instance 'lay2_m1/bias_reg[18]' (FDRE) to 'lay2_m1/bias_reg[20]'
INFO: [Synth 8-3886] merging instance 'lay2_m1/bias_reg[19]' (FDRE) to 'lay2_m1/bias_reg[21]'
INFO: [Synth 8-3886] merging instance 'lay2_m1/bias_reg[20]' (FDRE) to 'lay2_m1/bias_reg[22]'
INFO: [Synth 8-3333] propagating constant 0 across sequential element (lay2_m1/\bias_reg[21] )
INFO: [Synth 8-3886] merging instance 'lay2_m1/bias_reg[22]' (FDRE) to 'lay2_m1/bias_reg[23]'
INFO: [Synth 8-3886] merging instance 'lay2_m1/bias_reg[23]' (FDRE) to 'lay2_m1/bias_reg[24]'
INFO: [Synth 8-3886] merging instance 'lay2_m1/bias_reg[24]' (FDRE) to 'lay2_m1/bias_reg[25]'
INFO: [Synth 8-3886] merging instance 'lay2_m1/bias_reg[25]' (FDRE) to 'lay2_m1/bias_reg[26]'
INFO: [Synth 8-3886] merging instance 'lay2_m1/bias_reg[26]' (FDRE) to 'lay2_m1/bias_reg[27]'
INFO: [Synth 8-3886] merging instance 'lay2_m1/bias_reg[27]' (FDRE) to 'lay2_m1/bias_reg[28]'
INFO: [Synth 8-3886] merging instance 'lay2_m1/bias_reg[28]' (FDRE) to 'lay2_m1/bias_reg[29]'
INFO: [Synth 8-3886] merging instance 'lay2_m2/bias_reg[0]' (FDRE) to 'lay2_m2/bias_reg[1]'
INFO: [Synth 8-3886] merging instance 'lay2_m2/bias_reg[1]' (FDRE) to 'lay2_m2/bias_reg[2]'
INFO: [Synth 8-3886] merging instance 'lay2_m2/bias_reg[2]' (FDRE) to 'lay2_m2/bias_reg[3]'
INFO: [Synth 8-3886] merging instance 'lay2_m2/bias_reg[3]' (FDRE) to 'lay2_m2/bias_reg[4]'
INFO: [Synth 8-3886] merging instance 'lay2_m2/bias_reg[4]' (FDRE) to 'lay2_m2/bias_reg[5]'
INFO: [Synth 8-3886] merging instance 'lay2_m2/bias_reg[5]' (FDRE) to 'lay2_m2/bias_reg[6]'
INFO: [Synth 8-3886] merging instance 'lay2_m2/bias_reg[6]' (FDRE) to 'lay2_m2/bias_reg[7]'
INFO: [Synth 8-3886] merging instance 'lay2_m2/bias_reg[7]' (FDRE) to 'lay2_m2/bias_reg[8]'
INFO: [Synth 8-3886] merging instance 'lay2_m2/bias_reg[8]' (FDRE) to 'lay2_m2/bias_reg[9]'
INFO: [Synth 8-3886] merging instance 'lay2_m2/bias_reg[9]' (FDRE) to 'lay2_m2/bias_reg[10]'
INFO: [Synth 8-3886] merging instance 'lay2_m2/bias_reg[10]' (FDRE) to 'lay2_m2/bias_reg[11]'
INFO: [Synth 8-3886] merging instance 'lay2_m2/bias_reg[11]' (FDRE) to 'lay2_m2/bias_reg[14]'
INFO: [Synth 8-3886] merging instance 'lay2_m2/bias_reg[12]' (FDRE) to 'lay2_m2/bias_reg[13]'
INFO: [Synth 8-3886] merging instance 'lay2_m2/bias_reg[13]' (FDRE) to 'lay2_m2/bias_reg[15]'
INFO: [Synth 8-3886] merging instance 'lay2_m2/bias_reg[14]' (FDRE) to 'lay2_m2/bias_reg[16]'
INFO: [Synth 8-3886] merging instance 'lay2_m2/bias_reg[15]' (FDRE) to 'lay2_m2/bias_reg[18]'
INFO: [Synth 8-3886] merging instance 'lay2_m2/bias_reg[16]' (FDRE) to 'lay2_m2/bias_reg[17]'
INFO: [Synth 8-3886] merging instance 'lay2_m2/bias_reg[17]' (FDRE) to 'lay2_m2/bias_reg[19]'
INFO: [Synth 8-3886] merging instance 'lay2_m2/bias_reg[19]' (FDRE) to 'lay2_m2/bias_reg[20]'
INFO: [Synth 8-3886] merging instance 'lay2_m2/bias_reg[20]' (FDRE) to 'lay2_m2/bias_reg[21]'
INFO: [Synth 8-3886] merging instance 'lay2_m2/bias_reg[21]' (FDRE) to 'lay2_m2/bias_reg[22]'
INFO: [Synth 8-3886] merging instance 'lay2_m2/bias_reg[22]' (FDRE) to 'lay2_m2/bias_reg[23]'
INFO: [Synth 8-3886] merging instance 'lay2_m2/bias_reg[23]' (FDRE) to 'lay2_m2/bias_reg[24]'
INFO: [Synth 8-3886] merging instance 'lay2_m2/bias_reg[24]' (FDRE) to 'lay2_m2/bias_reg[25]'
INFO: [Synth 8-3886] merging instance 'lay2_m2/bias_reg[25]' (FDRE) to 'lay2_m2/bias_reg[26]'
INFO: [Synth 8-3886] merging instance 'lay2_m2/bias_reg[26]' (FDRE) to 'lay2_m2/bias_reg[27]'
INFO: [Synth 8-3886] merging instance 'lay2_m2/bias_reg[27]' (FDRE) to 'lay2_m2/bias_reg[28]'
INFO: [Synth 8-3886] merging instance 'lay2_m2/bias_reg[28]' (FDRE) to 'lay2_m2/bias_reg[29]'
INFO: [Synth 8-3333] propagating constant 0 across sequential element (lay2_m2/\bias_reg[29] )
INFO: [Synth 8-3886] merging instance 'lay2_m3/bias_reg[0]' (FDRE) to 'lay2_m3/bias_reg[1]'
INFO: [Synth 8-3886] merging instance 'lay2_m3/bias_reg[1]' (FDRE) to 'lay2_m3/bias_reg[2]'
INFO: [Synth 8-3886] merging instance 'lay2_m3/bias_reg[2]' (FDRE) to 'lay2_m3/bias_reg[3]'
INFO: [Synth 8-3886] merging instance 'lay2_m3/bias_reg[3]' (FDRE) to 'lay2_m3/bias_reg[4]'
INFO: [Synth 8-3886] merging instance 'lay2_m3/bias_reg[4]' (FDRE) to 'lay2_m3/bias_reg[5]'
INFO: [Synth 8-3886] merging instance 'lay2_m3/bias_reg[5]' (FDRE) to 'lay2_m3/bias_reg[6]'
INFO: [Synth 8-3886] merging instance 'lay2_m3/bias_reg[6]' (FDRE) to 'lay2_m3/bias_reg[7]'
INFO: [Synth 8-3886] merging instance 'lay2_m3/bias_reg[7]' (FDRE) to 'lay2_m3/bias_reg[8]'
INFO: [Synth 8-3886] merging instance 'lay2_m3/bias_reg[8]' (FDRE) to 'lay2_m3/bias_reg[9]'
INFO: [Synth 8-3886] merging instance 'lay2_m3/bias_reg[9]' (FDRE) to 'lay2_m3/bias_reg[10]'
INFO: [Synth 8-3886] merging instance 'lay2_m3/bias_reg[10]' (FDRE) to 'lay2_m3/bias_reg[11]'
INFO: [Synth 8-3886] merging instance 'lay2_m3/bias_reg[11]' (FDRE) to 'lay2_m3/bias_reg[12]'
INFO: [Synth 8-3886] merging instance 'lay2_m3/bias_reg[12]' (FDRE) to 'lay2_m3/bias_reg[17]'
INFO: [Synth 8-3886] merging instance 'lay2_m3/bias_reg[13]' (FDRE) to 'lay2_m3/bias_reg[14]'
INFO: [Synth 8-3886] merging instance 'lay2_m3/bias_reg[14]' (FDRE) to 'lay2_m3/bias_reg[15]'
INFO: [Synth 8-3886] merging instance 'lay2_m3/bias_reg[15]' (FDRE) to 'lay2_m3/bias_reg[16]'
INFO: [Synth 8-3886] merging instance 'lay2_m3/bias_reg[16]' (FDRE) to 'lay2_m3/bias_reg[18]'
INFO: [Synth 8-3886] merging instance 'lay2_m3/bias_reg[17]' (FDRE) to 'lay2_m3/bias_reg[19]'
INFO: [Synth 8-3886] merging instance 'lay2_m3/bias_reg[19]' (FDRE) to 'lay2_m3/bias_reg[20]'
INFO: [Synth 8-3886] merging instance 'lay2_m3/bias_reg[20]' (FDRE) to 'lay2_m3/bias_reg[21]'
INFO: [Synth 8-3886] merging instance 'lay2_m3/bias_reg[21]' (FDRE) to 'lay2_m3/bias_reg[22]'
INFO: [Synth 8-3886] merging instance 'lay2_m3/bias_reg[22]' (FDRE) to 'lay2_m3/bias_reg[23]'
INFO: [Synth 8-3886] merging instance 'lay2_m3/bias_reg[23]' (FDRE) to 'lay2_m3/bias_reg[24]'
INFO: [Synth 8-3886] merging instance 'lay2_m3/bias_reg[24]' (FDRE) to 'lay2_m3/bias_reg[25]'
INFO: [Synth 8-3886] merging instance 'lay2_m3/bias_reg[25]' (FDRE) to 'lay2_m3/bias_reg[26]'
INFO: [Synth 8-3886] merging instance 'lay2_m3/bias_reg[26]' (FDRE) to 'lay2_m3/bias_reg[27]'
INFO: [Synth 8-3886] merging instance 'lay2_m3/bias_reg[27]' (FDRE) to 'lay2_m3/bias_reg[28]'
INFO: [Synth 8-3886] merging instance 'lay2_m3/bias_reg[28]' (FDRE) to 'lay2_m3/bias_reg[29]'
INFO: [Synth 8-3333] propagating constant 0 across sequential element (lay2_m3/\bias_reg[29] )
INFO: [Synth 8-3886] merging instance 'lay2_m4/bias_reg[0]' (FDRE) to 'lay2_m4/bias_reg[1]'
INFO: [Synth 8-3886] merging instance 'lay2_m4/bias_reg[1]' (FDRE) to 'lay2_m4/bias_reg[2]'
INFO: [Synth 8-3886] merging instance 'lay2_m4/bias_reg[2]' (FDRE) to 'lay2_m4/bias_reg[3]'
INFO: [Common 17-14] Message 'Synth 8-3886' appears 100 times and further instances of the messages will be disabled. Use the Tcl command set_msg_config to change the current settings.
INFO: [Common 17-14] Message 'Synth 8-3886' appears 100 times and further instances of the messages will be disabled. Use the Tcl command set_msg_config to change the current settings.
INFO: [Synth 8-3333] propagating constant 0 across sequential element (lay2_m4/\bias_reg[22] )
INFO: [Synth 8-3333] propagating constant 0 across sequential element (lay2_m5/\bias_reg[18] )
INFO: [Synth 8-3333] propagating constant 0 across sequential element (lay2_m6/\bias_reg[29] )
INFO: [Synth 8-3333] propagating constant 0 across sequential element (lay2_m7/\bias_reg[18] )
INFO: [Synth 8-3333] propagating constant 0 across sequential element (lay2_m8/\bias_reg[29] )
INFO: [Synth 8-3333] propagating constant 0 across sequential element (lay2_m9/\bias_reg[21] )
INFO: [Synth 8-3333] propagating constant 0 across sequential element (lay2_m10/\bias_reg[29] )
---------------------------------------------------------------------------------
Finished Cross Boundary and Area Optimization : Time (s): cpu = 00:25:02 ; elapsed = 00:34:07 . Memory (MB): peak = 87130.020 ; gain = 85758.117 ; free physical = 107962 ; free virtual = 109067
---------------------------------------------------------------------------------
---------------------------------------------------------------------------------
Start ROM, RAM, DSP and Shift Register Reporting
---------------------------------------------------------------------------------

ROM:
+------------+------------+---------------+----------------+
|Module Name | RTL Object | Depth x Width | Implemented As | 
+------------+------------+---------------+----------------+
|Sigmoid     | p_0_out    | 16384x16      | LUT            | 
|Sigmoid     | p_0_out    | 16384x16      | LUT            | 
|Sigmoid     | p_0_out    | 16384x16      | LUT            | 
|Sigmoid     | p_0_out    | 16384x16      | LUT            | 
|Sigmoid     | p_0_out    | 16384x16      | LUT            | 
|Sigmoid     | p_0_out    | 16384x16      | LUT            | 
|Sigmoid     | p_0_out    | 16384x16      | LUT            | 
|Sigmoid     | p_0_out    | 16384x16      | LUT            | 
|Sigmoid     | p_0_out    | 16384x16      | LUT            | 
|Sigmoid     | p_0_out    | 16384x16      | LUT            | 
|Sigmoid     | p_0_out    | 16384x16      | LUT            | 
|Sigmoid     | p_0_out    | 16384x16      | LUT            | 
|Sigmoid     | p_0_out    | 16384x16      | LUT            | 
|Sigmoid     | p_0_out    | 16384x16      | LUT            | 
+------------+------------+---------------+----------------+


DSP: Preliminary Mapping  Report (see note below)
+------------+---------------------+--------+--------+--------+--------+--------+------+------+------+------+-------+------+------+
|Module Name | DSP Mapping         | A Size | B Size | C Size | D Size | P Size | AREG | BREG | CREG | DREG | ADREG | MREG | PREG | 
+------------+---------------------+--------+--------+--------+--------+--------+------+------+------+------+-------+------+------+
|Sigmoid     | (C+!CarryIn)'       | -      | -      | 16     | -      | 16     | -    | -    | 0    | -    | -     | 0    | 1    | 
|Sigmoid     | (C+!CarryIn)'       | -      | -      | 16     | -      | 16     | -    | -    | 0    | -    | -     | 0    | 1    | 
|Sigmoid     | (C+(A:0x0):B)'      | 30     | 16     | 13     | -      | 16     | 0    | 0    | 0    | -    | -     | 0    | 1    | 
|Sigmoid     | (C+!CarryIn)'       | -      | -      | 16     | -      | 16     | -    | -    | 0    | -    | -     | 0    | 1    | 
|Sigmoid     | (C+(A:0x0):B)'      | 30     | 16     | 13     | -      | 16     | 0    | 0    | 0    | -    | -     | 0    | 1    | 
|VecMult     | (P+1)'              | -      | -      | -      | -      | 32     | -    | -    | -    | -    | -     | 0    | 1    | 
|VecMult     | (P+1)'              | -      | -      | -      | -      | 32     | -    | -    | -    | -    | -     | 0    | 1    | 
|VecMult     | (0 or C)+(A*B or 0) | 16     | 16     | 30     | -      | 32     | 0    | 0    | 0    | -    | -     | 0    | 0    | 
|VecMult     | (PCIN+A:B)'         | 24     | 18     | -      | -      | 42     | 0    | 0    | -    | -    | -     | 0    | 1    | 
|VecMult     | C+A:B               | 30     | 18     | 48     | -      | 6      | 0    | 0    | 0    | -    | -     | 0    | 0    | 
|Sigmoid     | (C+(A:0x0):B)'      | 30     | 16     | 13     | -      | 16     | 0    | 0    | 0    | -    | -     | 0    | 1    | 
|Sigmoid     | (C+!CarryIn)'       | -      | -      | 16     | -      | 16     | -    | -    | 0    | -    | -     | 0    | 1    | 
|Sigmoid     | (C+(A:0x0):B)'      | 30     | 16     | 13     | -      | 16     | 0    | 0    | 0    | -    | -     | 0    | 1    | 
|Sigmoid     | (C+!CarryIn)'       | -      | -      | 16     | -      | 16     | -    | -    | 0    | -    | -     | 0    | 1    | 
|Sigmoid     | (C+(A:0x0):B)'      | 30     | 16     | 13     | -      | 16     | 0    | 0    | 0    | -    | -     | 0    | 1    | 
|Sigmoid     | (C+!CarryIn)'       | -      | -      | 16     | -      | 16     | -    | -    | 0    | -    | -     | 0    | 1    | 
|Sigmoid     | (C+(A:0x0):B)'      | 30     | 16     | 13     | -      | 16     | 0    | 0    | 0    | -    | -     | 0    | 1    | 
|Sigmoid     | (C+(A:0x0):B)'      | 30     | 16     | 13     | -      | 16     | 0    | 0    | 0    | -    | -     | 0    | 1    | 
|Sigmoid     | (C+(A:0x0):B)'      | 30     | 16     | 13     | -      | 16     | 0    | 0    | 0    | -    | -     | 0    | 1    | 
|Sigmoid     | (C+!CarryIn)'       | -      | -      | 16     | -      | 16     | -    | -    | 0    | -    | -     | 0    | 1    | 
|Sigmoid     | (C+(A:0x0):B)'      | 30     | 16     | 13     | -      | 16     | 0    | 0    | 0    | -    | -     | 0    | 1    | 
|Sigmoid     | (C+!CarryIn)'       | -      | -      | 16     | -      | 16     | -    | -    | 0    | -    | -     | 0    | 1    | 
|Sigmoid     | (C+(A:0x0):B)'      | 30     | 16     | 13     | -      | 16     | 0    | 0    | 0    | -    | -     | 0    | 1    | 
|Sigmoid     | (C+!CarryIn)'       | -      | -      | 16     | -      | 16     | -    | -    | 0    | -    | -     | 0    | 1    | 
|Sigmoid     | (C+!CarryIn)'       | -      | -      | 16     | -      | 16     | -    | -    | 0    | -    | -     | 0    | 1    | 
|VecMult     | (P+1)'              | -      | -      | -      | -      | 32     | -    | -    | -    | -    | -     | 0    | 1    | 
|VecMult     | (P+1)'              | -      | -      | -      | -      | 32     | -    | -    | -    | -    | -     | 0    | 1    | 
|VecMult     | (0 or C)+(A*B or 0) | 16     | 16     | 30     | -      | 32     | 0    | 0    | 0    | -    | -     | 0    | 0    | 
|VecMult     | (PCIN+A:B)'         | 19     | 18     | -      | -      | 37     | 0    | 0    | -    | -    | -     | 0    | 1    | 
|VecMult     | C+A:B               | 30     | 18     | 48     | -      | 6      | 0    | 0    | 0    | -    | -     | 0    | 0    | 
|VecMult     | (P+1)'              | -      | -      | -      | -      | 32     | -    | -    | -    | -    | -     | 0    | 1    | 
|VecMult     | (P+1)'              | -      | -      | -      | -      | 32     | -    | -    | -    | -    | -     | 0    | 1    | 
|VecMult     | (0 or C)+(A*B or 0) | 16     | 16     | 30     | -      | 32     | 0    | 0    | 0    | -    | -     | 0    | 0    | 
|VecMult     | (PCIN+A:B)'         | 19     | 18     | -      | -      | 37     | 0    | 0    | -    | -    | -     | 0    | 1    | 
|VecMult     | C+A:B               | 30     | 18     | 48     | -      | 6      | 0    | 0    | 0    | -    | -     | 0    | 0    | 
|VecMult     | (P+1)'              | -      | -      | -      | -      | 32     | -    | -    | -    | -    | -     | 0    | 1    | 
|VecMult     | (P+1)'              | -      | -      | -      | -      | 32     | -    | -    | -    | -    | -     | 0    | 1    | 
|VecMult     | (0 or C)+(A*B or 0) | 16     | 16     | 30     | -      | 32     | 0    | 0    | 0    | -    | -     | 0    | 0    | 
|VecMult     | (PCIN+A:B)'         | 19     | 18     | -      | -      | 37     | 0    | 0    | -    | -    | -     | 0    | 1    | 
|VecMult     | C+A:B               | 30     | 18     | 48     | -      | 6      | 0    | 0    | 0    | -    | -     | 0    | 0    | 
|VecMult     | (P+1)'              | -      | -      | -      | -      | 32     | -    | -    | -    | -    | -     | 0    | 1    | 
|VecMult     | (P+1)'              | -      | -      | -      | -      | 32     | -    | -    | -    | -    | -     | 0    | 1    | 
|VecMult     | (0 or C)+(A*B or 0) | 16     | 16     | 30     | -      | 32     | 0    | 0    | 0    | -    | -     | 0    | 0    | 
|VecMult     | (PCIN+A:B)'         | 19     | 18     | -      | -      | 37     | 0    | 0    | -    | -    | -     | 0    | 1    | 
|VecMult     | C+A:B               | 30     | 18     | 48     | -      | 6      | 0    | 0    | 0    | -    | -     | 0    | 0    | 
|VecMult     | (P+1)'              | -      | -      | -      | -      | 32     | -    | -    | -    | -    | -     | 0    | 1    | 
|VecMult     | (P+1)'              | -      | -      | -      | -      | 32     | -    | -    | -    | -    | -     | 0    | 1    | 
|VecMult     | (0 or C)+(A*B or 0) | 16     | 16     | 30     | -      | 32     | 0    | 0    | 0    | -    | -     | 0    | 0    | 
|VecMult     | (PCIN+A:B)'         | 19     | 18     | -      | -      | 37     | 0    | 0    | -    | -    | -     | 0    | 1    | 
|VecMult     | C+A:B               | 30     | 18     | 48     | -      | 6      | 0    | 0    | 0    | -    | -     | 0    | 0    | 
|VecMult     | (P+1)'              | -      | -      | -      | -      | 32     | -    | -    | -    | -    | -     | 0    | 1    | 
|VecMult     | (P+1)'              | -      | -      | -      | -      | 32     | -    | -    | -    | -    | -     | 0    | 1    | 
|VecMult     | (0 or C)+(A*B or 0) | 16     | 16     | 30     | -      | 32     | 0    | 0    | 0    | -    | -     | 0    | 0    | 
|VecMult     | (PCIN+A:B)'         | 19     | 18     | -      | -      | 37     | 0    | 0    | -    | -    | -     | 0    | 1    | 
|VecMult     | C+A:B               | 30     | 18     | 48     | -      | 6      | 0    | 0    | 0    | -    | -     | 0    | 0    | 
|VecMult     | (P+1)'              | -      | -      | -      | -      | 32     | -    | -    | -    | -    | -     | 0    | 1    | 
|VecMult     | (P+1)'              | -      | -      | -      | -      | 32     | -    | -    | -    | -    | -     | 0    | 1    | 
|VecMult     | (0 or C)+(A*B or 0) | 16     | 16     | 30     | -      | 32     | 0    | 0    | 0    | -    | -     | 0    | 0    | 
|VecMult     | (PCIN+A:B)'         | 19     | 18     | -      | -      | 37     | 0    | 0    | -    | -    | -     | 0    | 1    | 
|VecMult     | C+A:B               | 30     | 18     | 48     | -      | 6      | 0    | 0    | 0    | -    | -     | 0    | 0    | 
|VecMult     | (P+1)'              | -      | -      | -      | -      | 32     | -    | -    | -    | -    | -     | 0    | 1    | 
|VecMult     | (P+1)'              | -      | -      | -      | -      | 32     | -    | -    | -    | -    | -     | 0    | 1    | 
|VecMult     | (0 or C)+(A*B or 0) | 16     | 16     | 30     | -      | 32     | 0    | 0    | 0    | -    | -     | 0    | 0    | 
|VecMult     | (PCIN+A:B)'         | 19     | 18     | -      | -      | 37     | 0    | 0    | -    | -    | -     | 0    | 1    | 
|VecMult     | C+A:B               | 30     | 18     | 48     | -      | 6      | 0    | 0    | 0    | -    | -     | 0    | 0    | 
|VecMult     | (P+1)'              | -      | -      | -      | -      | 32     | -    | -    | -    | -    | -     | 0    | 1    | 
|VecMult     | (P+1)'              | -      | -      | -      | -      | 32     | -    | -    | -    | -    | -     | 0    | 1    | 
|VecMult     | (0 or C)+(A*B or 0) | 16     | 16     | 30     | -      | 32     | 0    | 0    | 0    | -    | -     | 0    | 0    | 
|VecMult     | (PCIN+A:B)'         | 19     | 18     | -      | -      | 37     | 0    | 0    | -    | -    | -     | 0    | 1    | 
|VecMult     | C+A:B               | 30     | 18     | 48     | -      | 6      | 0    | 0    | 0    | -    | -     | 0    | 0    | 
|VecMult     | (P+1)'              | -      | -      | -      | -      | 32     | -    | -    | -    | -    | -     | 0    | 1    | 
|VecMult     | (P+1)'              | -      | -      | -      | -      | 32     | -    | -    | -    | -    | -     | 0    | 1    | 
|VecMult     | (0 or C)+(A*B or 0) | 16     | 16     | 30     | -      | 32     | 0    | 0    | 0    | -    | -     | 0    | 0    | 
|VecMult     | (PCIN+A:B)'         | 19     | 18     | -      | -      | 37     | 0    | 0    | -    | -    | -     | 0    | 1    | 
|VecMult     | C+A:B               | 30     | 18     | 48     | -      | 6      | 0    | 0    | 0    | -    | -     | 0    | 0    | 
+------------+---------------------+--------+--------+--------+--------+--------+------+------+------+------+-------+------+------+

Note: The table above is a preliminary report that shows the DSPs inferred at the current stage of the synthesis flow. Some DSP may be reimplemented as non DSP primitives later in the synthesis flow. Multiple instantiated DSPs are reported only once.
---------------------------------------------------------------------------------
Finished ROM, RAM, DSP and Shift Register Reporting
---------------------------------------------------------------------------------

Report RTL Partitions: 
+------+----------------------------------------+------------+----------+
|      |RTL Partition                           |Replication |Instances |
+------+----------------------------------------+------------+----------+
|1     |NeuralNetHandWritten_v1_0_S00_AXIS__GB0 |           1|     13174|
|2     |NeuralNetHandWritten_v1_0_S00_AXIS__GB1 |           1|     13147|
|3     |VecMult                                 |          16|     25344|
|4     |Sigmoid__GB0                            |           1|     10292|
|5     |Sigmoid__GB1                            |           1|      2643|
|6     |Sigmoid__GB2                            |           1|      2504|
|7     |Sigmoid__GB3                            |           1|      5332|
|8     |Sigmoid__GB4                            |           1|      2539|
|9     |Sigmoid__GB5                            |           1|      2591|
|10    |NeuralNet__GC0                          |           1|     19041|
|11    |NeuralNetHandWritten_v1_0_M00_AXIS      |           1|       646|
+------+----------------------------------------+------------+----------+
No constraint files found.
---------------------------------------------------------------------------------
Start Timing Optimization
---------------------------------------------------------------------------------
INFO: [Synth 8-3333] propagating constant 0 across sequential element (n1/lay1_m1/\bias_reg[29] )
INFO: [Synth 8-3333] propagating constant 0 across sequential element (n1/lay1_m2/\bias_reg[29] )
INFO: [Synth 8-3333] propagating constant 0 across sequential element (n1/lay1_m3/\bias_reg[29] )
INFO: [Synth 8-3333] propagating constant 0 across sequential element (n1/lay1_m4/\bias_reg[17] )
INFO: [Synth 8-3333] propagating constant 0 across sequential element (n1/lay1_m5/\bias_reg[20] )
INFO: [Synth 8-3333] propagating constant 0 across sequential element (n1/lay1_m6/\bias_reg[20] )
INFO: [Synth 8-3333] propagating constant 0 across sequential element (n1/lay1_m7/\bias_reg[29] )
INFO: [Synth 8-3333] propagating constant 0 across sequential element (n1/lay1_m8/\bias_reg[19] )
INFO: [Synth 8-3333] propagating constant 0 across sequential element (n1/lay1_m9/\bias_reg[19] )
INFO: [Synth 8-3333] propagating constant 0 across sequential element (n1/lay1_m10/\bias_reg[29] )
INFO: [Synth 8-3333] propagating constant 0 across sequential element (n1/lay1_m11/\bias_reg[29] )
INFO: [Synth 8-3333] propagating constant 0 across sequential element (n1/lay1_m12/\bias_reg[29] )
INFO: [Synth 8-3333] propagating constant 0 across sequential element (n1/lay1_m13/\bias_reg[22] )
INFO: [Synth 8-3333] propagating constant 0 across sequential element (n1/lay1_m14/\bias_reg[21] )
INFO: [Synth 8-3333] propagating constant 0 across sequential element (n1/lay1_m15/\bias_reg[29] )
INFO: [Synth 8-3333] propagating constant 0 across sequential element (n1/lay1_m16/\bias_reg[29] )
---------------------------------------------------------------------------------
Finished Timing Optimization : Time (s): cpu = 00:25:17 ; elapsed = 00:34:25 . Memory (MB): peak = 87130.020 ; gain = 85758.117 ; free physical = 107751 ; free virtual = 108857
---------------------------------------------------------------------------------

Report RTL Partitions: 
+------+----------------------------------------+------------+----------+
|      |RTL Partition                           |Replication |Instances |
+------+----------------------------------------+------------+----------+
|1     |NeuralNetHandWritten_v1_0_S00_AXIS__GB0 |           1|     13174|
|2     |NeuralNetHandWritten_v1_0_S00_AXIS__GB1 |           1|     13147|
|3     |VecMult                                 |           1|     15360|
|4     |Sigmoid__GB0                            |           1|     10292|
|5     |Sigmoid__GB1                            |           1|      2643|
|6     |Sigmoid__GB2                            |           1|      2504|
|7     |Sigmoid__GB3                            |           1|      5323|
|8     |Sigmoid__GB4                            |           1|      2539|
|9     |Sigmoid__GB5                            |           1|      2591|
|10    |NeuralNet__GC0                          |           1|     19041|
|11    |NeuralNetHandWritten_v1_0_M00_AXIS      |           1|       646|
|12    |VecMult__1                              |           1|     15617|
|13    |VecMult__2                              |           1|     15379|
|14    |VecMult__3                              |           1|     15602|
|15    |VecMult__4                              |           1|     15463|
|16    |VecMult__5                              |           1|     15484|
|17    |VecMult__6                              |           1|     15435|
|18    |VecMult__7                              |           1|     15455|
|19    |VecMult__8                              |           1|     15467|
|20    |VecMult__9                              |           1|     15365|
|21    |VecMult__10                             |           1|     15496|
|22    |VecMult__11                             |           1|     15605|
|23    |VecMult__12                             |           1|     15440|
|24    |VecMult__13                             |           1|     15446|
|25    |VecMult__14                             |           1|     15545|
|26    |VecMult__15                             |           1|     15472|
+------+----------------------------------------+------------+----------+
---------------------------------------------------------------------------------
Start Technology Mapping
---------------------------------------------------------------------------------
INFO: [Synth 8-4765] Removing register instance (\genblk5[0].addr_done_reg ) from module (Sigmoid__GB5) as it is equivalent to (\genblk5[9].addr_done_reg ) and driving same net [/home/rewingchow/NN_16/AXISHandWritten_16/AXISHandWritten/NeuralNetHandWritten_1_0/src/Sigmoid.v:145]
INFO: [Synth 8-4765] Removing register instance (\genblk5[1].addr_done_reg ) from module (Sigmoid__GB5) as it is equivalent to (\genblk5[9].addr_done_reg ) and driving same net [/home/rewingchow/NN_16/AXISHandWritten_16/AXISHandWritten/NeuralNetHandWritten_1_0/src/Sigmoid.v:145]
INFO: [Synth 8-4765] Removing register instance (\genblk5[2].addr_done_reg ) from module (Sigmoid__GB5) as it is equivalent to (\genblk5[9].addr_done_reg ) and driving same net [/home/rewingchow/NN_16/AXISHandWritten_16/AXISHandWritten/NeuralNetHandWritten_1_0/src/Sigmoid.v:145]
INFO: [Synth 8-4765] Removing register instance (\genblk5[3].addr_done_reg ) from module (Sigmoid__GB5) as it is equivalent to (\genblk5[9].addr_done_reg ) and driving same net [/home/rewingchow/NN_16/AXISHandWritten_16/AXISHandWritten/NeuralNetHandWritten_1_0/src/Sigmoid.v:145]
INFO: [Synth 8-4765] Removing register instance (\genblk5[4].addr_done_reg ) from module (Sigmoid__GB5) as it is equivalent to (\genblk5[9].addr_done_reg ) and driving same net [/home/rewingchow/NN_16/AXISHandWritten_16/AXISHandWritten/NeuralNetHandWritten_1_0/src/Sigmoid.v:145]
INFO: [Synth 8-4765] Removing register instance (\genblk5[5].addr_done_reg ) from module (Sigmoid__GB5) as it is equivalent to (\genblk5[9].addr_done_reg ) and driving same net [/home/rewingchow/NN_16/AXISHandWritten_16/AXISHandWritten/NeuralNetHandWritten_1_0/src/Sigmoid.v:145]
INFO: [Synth 8-4765] Removing register instance (\genblk5[6].addr_done_reg ) from module (Sigmoid__GB5) as it is equivalent to (\genblk5[9].addr_done_reg ) and driving same net [/home/rewingchow/NN_16/AXISHandWritten_16/AXISHandWritten/NeuralNetHandWritten_1_0/src/Sigmoid.v:145]
INFO: [Synth 8-4765] Removing register instance (\genblk5[7].addr_done_reg ) from module (Sigmoid__GB5) as it is equivalent to (\genblk5[9].addr_done_reg ) and driving same net [/home/rewingchow/NN_16/AXISHandWritten_16/AXISHandWritten/NeuralNetHandWritten_1_0/src/Sigmoid.v:145]
INFO: [Synth 8-4765] Removing register instance (\genblk5[8].addr_done_reg ) from module (Sigmoid__GB5) as it is equivalent to (\genblk5[9].addr_done_reg ) and driving same net [/home/rewingchow/NN_16/AXISHandWritten_16/AXISHandWritten/NeuralNetHandWritten_1_0/src/Sigmoid.v:145]
---------------------------------------------------------------------------------
Finished Technology Mapping : Time (s): cpu = 00:25:41 ; elapsed = 00:34:55 . Memory (MB): peak = 87138.023 ; gain = 85766.121 ; free physical = 107660 ; free virtual = 108765
---------------------------------------------------------------------------------

Report RTL Partitions: 
+------+----------------------------------------+------------+----------+
|      |RTL Partition                           |Replication |Instances |
+------+----------------------------------------+------------+----------+
|1     |NeuralNetHandWritten_v1_0_S00_AXIS__GB0 |           1|      6599|
|2     |NeuralNetHandWritten_v1_0_S00_AXIS__GB1 |           1|      6564|
|3     |VecMult                                 |           1|      6312|
|4     |Sigmoid__GB0                            |           1|      4541|
|5     |Sigmoid__GB1                            |           1|      1172|
|6     |Sigmoid__GB2                            |           1|      1156|
|7     |Sigmoid__GB3                            |           1|      2376|
|8     |Sigmoid__GB4                            |           1|      1159|
|9     |Sigmoid__GB5                            |           1|      1151|
|10    |NeuralNet__GC0                          |           1|     16184|
|11    |NeuralNetHandWritten_v1_0_M00_AXIS      |           1|       291|
|12    |VecMult__1                              |           1|      6311|
|13    |VecMult__2                              |           1|      6283|
|14    |VecMult__3                              |           1|      6311|
|15    |VecMult__4                              |           1|      6311|
|16    |VecMult__5                              |           1|      6311|
|17    |VecMult__6                              |           1|      6286|
|18    |VecMult__7                              |           1|      6281|
|19    |VecMult__8                              |           1|      6311|
|20    |VecMult__9                              |           1|      6311|
|21    |VecMult__10                             |           1|      6282|
|22    |VecMult__11                             |           1|      6311|
|23    |VecMult__12                             |           1|      6312|
|24    |VecMult__13                             |           1|      6311|
|25    |VecMult__14                             |           1|      6312|
|26    |VecMult__15                             |           1|      6282|
+------+----------------------------------------+------------+----------+
---------------------------------------------------------------------------------
Start IO Insertion
---------------------------------------------------------------------------------
---------------------------------------------------------------------------------
Start Flattening Before IO Insertion
---------------------------------------------------------------------------------
---------------------------------------------------------------------------------
Finished Flattening Before IO Insertion
---------------------------------------------------------------------------------
---------------------------------------------------------------------------------
Start Final Netlist Cleanup
---------------------------------------------------------------------------------
---------------------------------------------------------------------------------
Finished Final Netlist Cleanup
---------------------------------------------------------------------------------
---------------------------------------------------------------------------------
Finished IO Insertion : Time (s): cpu = 00:25:53 ; elapsed = 00:35:09 . Memory (MB): peak = 87138.023 ; gain = 85766.121 ; free physical = 107710 ; free virtual = 108816
---------------------------------------------------------------------------------

Report Check Netlist: 
+------+------------------+-------+---------+-------+------------------+
|      |Item              |Errors |Warnings |Status |Description       |
+------+------------------+-------+---------+-------+------------------+
|1     |multi_driven_nets |      0|        0|Passed |Multi driven nets |
+------+------------------+-------+---------+-------+------------------+
---------------------------------------------------------------------------------
Start Renaming Generated Instances
---------------------------------------------------------------------------------
---------------------------------------------------------------------------------
Finished Renaming Generated Instances : Time (s): cpu = 00:25:54 ; elapsed = 00:35:10 . Memory (MB): peak = 87138.023 ; gain = 85766.121 ; free physical = 107713 ; free virtual = 108818
---------------------------------------------------------------------------------

Report RTL Partitions: 
+-+--------------+------------+----------+
| |RTL Partition |Replication |Instances |
+-+--------------+------------+----------+
+-+--------------+------------+----------+
---------------------------------------------------------------------------------
Start Rebuilding User Hierarchy
---------------------------------------------------------------------------------
---------------------------------------------------------------------------------
Finished Rebuilding User Hierarchy : Time (s): cpu = 00:25:59 ; elapsed = 00:35:17 . Memory (MB): peak = 87138.023 ; gain = 85766.121 ; free physical = 107698 ; free virtual = 108803
---------------------------------------------------------------------------------
---------------------------------------------------------------------------------
Start Renaming Generated Ports
---------------------------------------------------------------------------------
---------------------------------------------------------------------------------
Finished Renaming Generated Ports : Time (s): cpu = 00:25:59 ; elapsed = 00:35:19 . Memory (MB): peak = 87138.023 ; gain = 85766.121 ; free physical = 107688 ; free virtual = 108793
---------------------------------------------------------------------------------
---------------------------------------------------------------------------------
Start Handling Custom Attributes
---------------------------------------------------------------------------------
---------------------------------------------------------------------------------
Finished Handling Custom Attributes : Time (s): cpu = 00:26:00 ; elapsed = 00:35:20 . Memory (MB): peak = 87138.023 ; gain = 85766.121 ; free physical = 107699 ; free virtual = 108804
---------------------------------------------------------------------------------
---------------------------------------------------------------------------------
Start Renaming Generated Nets
---------------------------------------------------------------------------------
---------------------------------------------------------------------------------
Finished Renaming Generated Nets : Time (s): cpu = 00:26:00 ; elapsed = 00:35:21 . Memory (MB): peak = 87138.023 ; gain = 85766.121 ; free physical = 107699 ; free virtual = 108804
---------------------------------------------------------------------------------
---------------------------------------------------------------------------------
Start Writing Synthesis Report
---------------------------------------------------------------------------------

Report BlackBoxes: 
+-+--------------+----------+
| |BlackBox name |Instances |
+-+--------------+----------+
+-+--------------+----------+

Report Cell Usage: 
+------+--------+------+
|      |Cell    |Count |
+------+--------+------+
|1     |BUFG    |     2|
|2     |CARRY4  |   208|
|3     |DSP48E1 |   150|
|4     |LUT1    |    34|
|5     |LUT2    |  1466|
|6     |LUT3    |   565|
|7     |LUT4    |  1189|
|8     |LUT5    |   936|
|9     |LUT6    | 65181|
|10    |MUXF7   | 30820|
|11    |MUXF8   | 14566|
|12    |FDRE    | 27432|
|13    |FDSE    |     1|
|14    |IBUF    |    39|
|15    |OBUF    |    39|
+------+--------+------+

Report Instance Areas: 
+------+-----------------------------+-----------------------------------+-------+
|      |Instance                     |Module                             |Cells  |
+------+-----------------------------+-----------------------------------+-------+
|1     |top                          |                                   | 142628|
|2     |  LogicFunc_v1_S00_AXIS_inst |NeuralNetHandWritten_v1_0_S00_AXIS |  13157|
|3     |  LogicFunc_v1_M00_AXIS_inst |NeuralNetHandWritten_v1_0_M00_AXIS |    291|
|4     |  n1                         |NeuralNet                          | 129100|
|5     |    lay1_m1                  |VecMult                            |   6309|
|6     |    lay1_m10                 |VecMult_0                          |   6308|
|7     |    lay1_m11                 |VecMult_1                          |   6279|
|8     |    lay1_m12                 |VecMult_2                          |   6314|
|9     |    lay1_m13                 |VecMult_3                          |   6309|
|10    |    lay1_m14                 |VecMult_4                          |   6308|
|11    |    lay1_m15                 |VecMult_5                          |   6310|
|12    |    lay1_m16                 |VecMult_6                          |   6279|
|13    |    lay1_m2                  |VecMult_7                          |   6308|
|14    |    lay1_m3                  |VecMult_8                          |   6280|
|15    |    lay1_m4                  |VecMult_9                          |   6309|
|16    |    lay1_m5                  |VecMult_10                         |   6308|
|17    |    lay1_m6                  |VecMult_11                         |   6308|
|18    |    lay1_m7                  |VecMult_12                         |   6284|
|19    |    lay1_m8                  |VecMult_13                         |   6278|
|20    |    lay1_m9                  |VecMult_14                         |   6308|
|21    |    lay2_m1                  |VecMult__parameterized0            |    231|
|22    |    lay2_m10                 |VecMult__parameterized0_15         |    231|
|23    |    lay2_m2                  |VecMult__parameterized0_16         |    231|
|24    |    lay2_m3                  |VecMult__parameterized0_17         |    238|
|25    |    lay2_m4                  |VecMult__parameterized0_18         |    230|
|26    |    lay2_m5                  |VecMult__parameterized0_19         |    230|
|27    |    lay2_m6                  |VecMult__parameterized0_20         |    231|
|28    |    lay2_m7                  |VecMult__parameterized0_21         |    231|
|29    |    lay2_m8                  |VecMult__parameterized0_22         |    230|
|30    |    lay2_m9                  |VecMult__parameterized0_23         |    231|
|31    |    r1                       |RelU                               |    484|
|32    |    s1                       |Sigmoid                            |  12124|
+------+-----------------------------+-----------------------------------+-------+
---------------------------------------------------------------------------------
Finished Writing Synthesis Report : Time (s): cpu = 00:26:00 ; elapsed = 00:35:21 . Memory (MB): peak = 87138.023 ; gain = 85766.121 ; free physical = 107698 ; free virtual = 108804
---------------------------------------------------------------------------------
Synthesis finished with 0 errors, 0 critical warnings and 44 warnings.
Synthesis Optimization Runtime : Time (s): cpu = 00:26:01 ; elapsed = 00:35:26 . Memory (MB): peak = 87138.023 ; gain = 85766.121 ; free physical = 110297 ; free virtual = 111402
Synthesis Optimization Complete : Time (s): cpu = 00:26:01 ; elapsed = 00:35:26 . Memory (MB): peak = 87138.023 ; gain = 85766.121 ; free physical = 110306 ; free virtual = 111412
INFO: [Project 1-571] Translating synthesized netlist
INFO: [Netlist 29-17] Analyzing 45744 Unisim elements for replacement
INFO: [Netlist 29-28] Unisim Transformation completed in 0 CPU seconds
INFO: [Project 1-570] Preparing netlist for logic optimization
INFO: [Opt 31-138] Pushed 0 inverter(s) to 0 load pin(s).
Netlist sorting complete. Time (s): cpu = 00:00:00.03 ; elapsed = 00:00:00.03 . Memory (MB): peak = 87218.082 ; gain = 0.000 ; free physical = 110081 ; free virtual = 111196
INFO: [Project 1-111] Unisim Transformation Summary:
No Unisim elements were transformed.

INFO: [Common 17-83] Releasing license: Synthesis
218 Infos, 48 Warnings, 0 Critical Warnings and 0 Errors encountered.
synth_design completed successfully
synth_design: Time (s): cpu = 00:26:28 ; elapsed = 00:35:55 . Memory (MB): peak = 87218.082 ; gain = 85857.695 ; free physical = 110258 ; free virtual = 111373
Netlist sorting complete. Time (s): cpu = 00:00:00.03 ; elapsed = 00:00:00.03 . Memory (MB): peak = 87218.082 ; gain = 0.000 ; free physical = 110258 ; free virtual = 111373
WARNING: [Constraints 18-5210] No constraints selected for write.
Resolution: This message can indicate that there are no constraints for the design, or it can indicate that the used_in flags are set such that the constraints are ignored. This later case is used when running synth_design to not write synthesis constraints to the resulting checkpoint. Instead, project constraints are read when the synthesized design is opened.
INFO: [Common 17-1381] The checkpoint '/home/rewingchow/NN_16/AXISHandWritten_16/AXISHandWritten/edit_NeuralNetHandWritten_v1_0.runs/synth_1/NeuralNetHandWritten_v1_0.dcp' has been generated.
write_checkpoint: Time (s): cpu = 00:00:27 ; elapsed = 00:00:34 . Memory (MB): peak = 87242.094 ; gain = 24.012 ; free physical = 110861 ; free virtual = 111976
INFO: [runtcl-4] Executing : report_utilization -file NeuralNetHandWritten_v1_0_utilization_synth.rpt -pb NeuralNetHandWritten_v1_0_utilization_synth.pb
INFO: [Common 17-206] Exiting Vivado at Mon Mar 29 00:28:09 2021...
