03:28:45 INFO  : Registering command handlers for SDK TCF services
03:28:46 INFO  : Launching XSCT server: xsct.bat -interactive W:\ECE532\TCP_Server\temp_xsdb_launch_script.tcl
03:28:48 INFO  : XSCT server has started successfully.
03:28:48 INFO  : Successfully done setting XSCT server connection channel  
03:28:48 INFO  : Successfully done setting SDK workspace  
03:29:38 INFO  : Project 'TCP_HW' created. You can now create BSPs and application projects targeting this hardware platform.
03:38:13 INFO  : 'targets -set -filter {jtag_cable_name =~ "Digilent Nexys Video 210276724057B" && level==0} -index 0' command is executed.
03:38:13 INFO  : 'fpga -state' command is executed.
03:38:13 INFO  : Connected to target on host '127.0.0.1' and port '3121'.
03:38:13 INFO  : Jtag cable 'Digilent Nexys Video 210276724057B' is selected.
03:38:13 INFO  : 'jtag frequency' command is executed.
03:38:13 INFO  : 'configparams mdm-detect-bscan-mask 2' command is executed.
03:38:14 INFO  : Context for processor 'microblaze_0' is selected.
03:38:15 INFO  : Processor reset is completed for 'microblaze_0'.
03:38:16 INFO  : Context for processor 'microblaze_0' is selected.
03:38:17 INFO  : The application 'W:/ECE532/TCP_Server/TCP_Server/Debug/TCP_Server.elf' is downloaded to processor 'microblaze_0'.
03:38:17 INFO  : ----------------XSDB Script----------------
connect -url tcp:127.0.0.1:3121
configparams mdm-detect-bscan-mask 2
targets -set -nocase -filter {name =~ "microblaze*#0" && bscan=="USER2"  && jtag_cable_name =~ "Digilent Nexys Video 210276724057B"} -index 0
rst -processor
targets -set -nocase -filter {name =~ "microblaze*#0" && bscan=="USER2"  && jtag_cable_name =~ "Digilent Nexys Video 210276724057B"} -index 0
dow W:/ECE532/TCP_Server/TCP_Server/Debug/TCP_Server.elf
----------------End of Script----------------

03:38:18 INFO  : Context for processor 'microblaze_0' is selected.
03:38:18 INFO  : 'con' command is executed.
03:38:18 INFO  : ----------------XSDB Script (After Launch)----------------
targets -set -nocase -filter {name =~ "microblaze*#0" && bscan=="USER2"  && jtag_cable_name =~ "Digilent Nexys Video 210276724057B"} -index 0
con
----------------End of Script----------------

03:38:18 INFO  : Disconnected from the channel tcfchan#1.
03:45:57 INFO  : 'targets -set -filter {jtag_cable_name =~ "Digilent Nexys Video 210276724057B" && level==0} -index 0' command is executed.
03:45:57 INFO  : 'fpga -state' command is executed.
03:45:57 INFO  : Connected to target on host '127.0.0.1' and port '3121'.
03:45:57 INFO  : Jtag cable 'Digilent Nexys Video 210276724057B' is selected.
03:45:57 INFO  : 'jtag frequency' command is executed.
03:45:58 INFO  : 'configparams mdm-detect-bscan-mask 2' command is executed.
03:45:59 INFO  : Context for processor 'microblaze_0' is selected.
03:45:59 INFO  : Processor reset is completed for 'microblaze_0'.
03:46:00 INFO  : Context for processor 'microblaze_0' is selected.
03:46:01 INFO  : The application 'W:/ECE532/TCP_Server/TCP_Server/Debug/TCP_Server.elf' is downloaded to processor 'microblaze_0'.
03:46:01 INFO  : ----------------XSDB Script----------------
connect -url tcp:127.0.0.1:3121
configparams mdm-detect-bscan-mask 2
targets -set -nocase -filter {name =~ "microblaze*#0" && bscan=="USER2"  && jtag_cable_name =~ "Digilent Nexys Video 210276724057B"} -index 0
rst -processor
targets -set -nocase -filter {name =~ "microblaze*#0" && bscan=="USER2"  && jtag_cable_name =~ "Digilent Nexys Video 210276724057B"} -index 0
dow W:/ECE532/TCP_Server/TCP_Server/Debug/TCP_Server.elf
----------------End of Script----------------

03:46:02 INFO  : Context for processor 'microblaze_0' is selected.
03:46:02 INFO  : 'con' command is executed.
03:46:02 INFO  : ----------------XSDB Script (After Launch)----------------
targets -set -nocase -filter {name =~ "microblaze*#0" && bscan=="USER2"  && jtag_cable_name =~ "Digilent Nexys Video 210276724057B"} -index 0
con
----------------End of Script----------------

03:46:02 INFO  : Disconnected from the channel tcfchan#2.
