
*** Running vivado
    with args -log design_1_axi_ethernet_0_0.vds -m64 -product Vivado -mode batch -messageDb vivado.pb -notrace -source design_1_axi_ethernet_0_0.tcl


****** Vivado v2018.3.1 (64-bit)
  **** SW Build 2489853 on Tue Mar 26 04:20:25 MDT 2019
  **** IP Build 2486929 on Tue Mar 26 06:44:21 MDT 2019
    ** Copyright 1986-2019 Xilinx, Inc. All Rights Reserved.

source design_1_axi_ethernet_0_0.tcl -notrace
Command: synth_design -top design_1_axi_ethernet_0_0 -part xc7a200tsbg484-1 -mode out_of_context
Starting synth_design
Attempting to get a license for feature 'Synthesis' and/or device 'xc7a200t'
INFO: [Common 17-349] Got license for feature 'Synthesis' and/or device 'xc7a200t'
INFO: Launching helper process for spawning children vivado processes
INFO: Helper process launched with PID 3208 
---------------------------------------------------------------------------------
Starting RTL Elaboration : Time (s): cpu = 00:00:03 ; elapsed = 00:00:03 . Memory (MB): peak = 501.992 ; gain = 111.219
---------------------------------------------------------------------------------
INFO: [Synth 8-6157] synthesizing module 'design_1_axi_ethernet_0_0' [w:/ECE532/Server_NN/Server_NN/T5.srcs/sources_1/bd/design_1/ip/design_1_axi_ethernet_0_0/synth/design_1_axi_ethernet_0_0.v:59]
INFO: [Synth 8-6157] synthesizing module 'bd_929b' [w:/ECE532/Server_NN/Server_NN/T5.srcs/sources_1/bd/design_1/ip/design_1_axi_ethernet_0_0/bd_0/synth/bd_929b.v:10]
INFO: [Synth 8-6157] synthesizing module 'bd_929b_c_counter_binary_0_0' [W:/ECE532/Server_NN/Server_NN/T5.runs/design_1_axi_ethernet_0_0_synth_1/.Xil/Vivado-7684-BA3145WS28/realtime/bd_929b_c_counter_binary_0_0_stub.v:6]
INFO: [Synth 8-6155] done synthesizing module 'bd_929b_c_counter_binary_0_0' (1#1) [W:/ECE532/Server_NN/Server_NN/T5.runs/design_1_axi_ethernet_0_0_synth_1/.Xil/Vivado-7684-BA3145WS28/realtime/bd_929b_c_counter_binary_0_0_stub.v:6]
WARNING: [Synth 8-350] instance 'c_counter_binary_0' of module 'bd_929b_c_counter_binary_0_0' requires 4 connections, but only 3 given [w:/ECE532/Server_NN/Server_NN/T5.srcs/sources_1/bd/design_1/ip/design_1_axi_ethernet_0_0/bd_0/synth/bd_929b.v:297]
INFO: [Synth 8-6157] synthesizing module 'bd_929b_c_shift_ram_0_0' [W:/ECE532/Server_NN/Server_NN/T5.runs/design_1_axi_ethernet_0_0_synth_1/.Xil/Vivado-7684-BA3145WS28/realtime/bd_929b_c_shift_ram_0_0_stub.v:6]
INFO: [Synth 8-6155] done synthesizing module 'bd_929b_c_shift_ram_0_0' (2#1) [W:/ECE532/Server_NN/Server_NN/T5.runs/design_1_axi_ethernet_0_0_synth_1/.Xil/Vivado-7684-BA3145WS28/realtime/bd_929b_c_shift_ram_0_0_stub.v:6]
INFO: [Synth 8-6157] synthesizing module 'bd_929b_eth_buf_0' [W:/ECE532/Server_NN/Server_NN/T5.runs/design_1_axi_ethernet_0_0_synth_1/.Xil/Vivado-7684-BA3145WS28/realtime/bd_929b_eth_buf_0_stub.v:6]
INFO: [Synth 8-6155] done synthesizing module 'bd_929b_eth_buf_0' (3#1) [W:/ECE532/Server_NN/Server_NN/T5.runs/design_1_axi_ethernet_0_0_synth_1/.Xil/Vivado-7684-BA3145WS28/realtime/bd_929b_eth_buf_0_stub.v:6]
WARNING: [Synth 8-350] instance 'eth_buf' of module 'bd_929b_eth_buf_0' requires 102 connections, but only 96 given [w:/ECE532/Server_NN/Server_NN/T5.srcs/sources_1/bd/design_1/ip/design_1_axi_ethernet_0_0/bd_0/synth/bd_929b.v:307]
INFO: [Synth 8-6157] synthesizing module 'bd_929b_mac_0' [W:/ECE532/Server_NN/Server_NN/T5.runs/design_1_axi_ethernet_0_0_synth_1/.Xil/Vivado-7684-BA3145WS28/realtime/bd_929b_mac_0_stub.v:6]
INFO: [Synth 8-6155] done synthesizing module 'bd_929b_mac_0' (4#1) [W:/ECE532/Server_NN/Server_NN/T5.runs/design_1_axi_ethernet_0_0_synth_1/.Xil/Vivado-7684-BA3145WS28/realtime/bd_929b_mac_0_stub.v:6]
WARNING: [Synth 8-350] instance 'mac' of module 'bd_929b_mac_0' requires 64 connections, but only 56 given [w:/ECE532/Server_NN/Server_NN/T5.srcs/sources_1/bd/design_1/ip/design_1_axi_ethernet_0_0/bd_0/synth/bd_929b.v:404]
INFO: [Synth 8-6157] synthesizing module 'bd_929b_util_vector_logic_0_0' [W:/ECE532/Server_NN/Server_NN/T5.runs/design_1_axi_ethernet_0_0_synth_1/.Xil/Vivado-7684-BA3145WS28/realtime/bd_929b_util_vector_logic_0_0_stub.v:6]
INFO: [Synth 8-6155] done synthesizing module 'bd_929b_util_vector_logic_0_0' (5#1) [W:/ECE532/Server_NN/Server_NN/T5.runs/design_1_axi_ethernet_0_0_synth_1/.Xil/Vivado-7684-BA3145WS28/realtime/bd_929b_util_vector_logic_0_0_stub.v:6]
INFO: [Synth 8-6157] synthesizing module 'bd_929b_xlconstant_0_0' [w:/ECE532/Server_NN/Server_NN/T5.srcs/sources_1/bd/design_1/ip/design_1_axi_ethernet_0_0/bd_0/ip/ip_4/synth/bd_929b_xlconstant_0_0.v:57]
INFO: [Synth 8-6157] synthesizing module 'xlconstant_v1_1_5_xlconstant' [w:/ECE532/Server_NN/Server_NN/T5.srcs/sources_1/bd/design_1/ipshared/4649/hdl/xlconstant_v1_1_vl_rfs.v:23]
	Parameter CONST_VAL bound to: 1 - type: integer 
	Parameter CONST_WIDTH bound to: 1 - type: integer 
INFO: [Synth 8-6155] done synthesizing module 'xlconstant_v1_1_5_xlconstant' (6#1) [w:/ECE532/Server_NN/Server_NN/T5.srcs/sources_1/bd/design_1/ipshared/4649/hdl/xlconstant_v1_1_vl_rfs.v:23]
INFO: [Synth 8-6155] done synthesizing module 'bd_929b_xlconstant_0_0' (7#1) [w:/ECE532/Server_NN/Server_NN/T5.srcs/sources_1/bd/design_1/ip/design_1_axi_ethernet_0_0/bd_0/ip/ip_4/synth/bd_929b_xlconstant_0_0.v:57]
INFO: [Synth 8-6155] done synthesizing module 'bd_929b' (8#1) [w:/ECE532/Server_NN/Server_NN/T5.srcs/sources_1/bd/design_1/ip/design_1_axi_ethernet_0_0/bd_0/synth/bd_929b.v:10]
INFO: [Synth 8-6155] done synthesizing module 'design_1_axi_ethernet_0_0' (9#1) [w:/ECE532/Server_NN/Server_NN/T5.srcs/sources_1/bd/design_1/ip/design_1_axi_ethernet_0_0/synth/design_1_axi_ethernet_0_0.v:59]
---------------------------------------------------------------------------------
Finished RTL Elaboration : Time (s): cpu = 00:00:04 ; elapsed = 00:00:04 . Memory (MB): peak = 558.684 ; gain = 167.910
---------------------------------------------------------------------------------

Report Check Netlist: 
+------+------------------+-------+---------+-------+------------------+
|      |Item              |Errors |Warnings |Status |Description       |
+------+------------------+-------+---------+-------+------------------+
|1     |multi_driven_nets |      0|        0|Passed |Multi driven nets |
+------+------------------+-------+---------+-------+------------------+
---------------------------------------------------------------------------------
Start Handling Custom Attributes
---------------------------------------------------------------------------------
---------------------------------------------------------------------------------
Finished Handling Custom Attributes : Time (s): cpu = 00:00:04 ; elapsed = 00:00:05 . Memory (MB): peak = 558.684 ; gain = 167.910
---------------------------------------------------------------------------------
---------------------------------------------------------------------------------
Finished RTL Optimization Phase 1 : Time (s): cpu = 00:00:04 ; elapsed = 00:00:05 . Memory (MB): peak = 558.684 ; gain = 167.910
---------------------------------------------------------------------------------
INFO: [Device 21-403] Loading part xc7a200tsbg484-1
INFO: [Project 1-570] Preparing netlist for logic optimization

Processing XDC Constraints
Initializing timing engine
Parsing XDC File [w:/ECE532/Server_NN/Server_NN/T5.srcs/sources_1/bd/design_1/ip/design_1_axi_ethernet_0_0/bd_0/ip/ip_0/bd_929b_eth_buf_0/bd_929b_eth_buf_0_in_context.xdc] for cell 'inst/eth_buf'
Finished Parsing XDC File [w:/ECE532/Server_NN/Server_NN/T5.srcs/sources_1/bd/design_1/ip/design_1_axi_ethernet_0_0/bd_0/ip/ip_0/bd_929b_eth_buf_0/bd_929b_eth_buf_0_in_context.xdc] for cell 'inst/eth_buf'
Parsing XDC File [w:/ECE532/Server_NN/Server_NN/T5.srcs/sources_1/bd/design_1/ip/design_1_axi_ethernet_0_0/bd_0/ip/ip_1/bd_929b_mac_0/bd_929b_mac_0_in_context.xdc] for cell 'inst/mac'
Finished Parsing XDC File [w:/ECE532/Server_NN/Server_NN/T5.srcs/sources_1/bd/design_1/ip/design_1_axi_ethernet_0_0/bd_0/ip/ip_1/bd_929b_mac_0/bd_929b_mac_0_in_context.xdc] for cell 'inst/mac'
Parsing XDC File [w:/ECE532/Server_NN/Server_NN/T5.srcs/sources_1/bd/design_1/ip/design_1_axi_ethernet_0_0/bd_0/ip/ip_2/bd_929b_c_shift_ram_0_0/bd_929b_c_shift_ram_0_0_in_context.xdc] for cell 'inst/c_shift_ram_0'
Finished Parsing XDC File [w:/ECE532/Server_NN/Server_NN/T5.srcs/sources_1/bd/design_1/ip/design_1_axi_ethernet_0_0/bd_0/ip/ip_2/bd_929b_c_shift_ram_0_0/bd_929b_c_shift_ram_0_0_in_context.xdc] for cell 'inst/c_shift_ram_0'
Parsing XDC File [w:/ECE532/Server_NN/Server_NN/T5.srcs/sources_1/bd/design_1/ip/design_1_axi_ethernet_0_0/bd_0/ip/ip_3/bd_929b_c_counter_binary_0_0/bd_929b_c_counter_binary_0_0_in_context.xdc] for cell 'inst/c_counter_binary_0'
Finished Parsing XDC File [w:/ECE532/Server_NN/Server_NN/T5.srcs/sources_1/bd/design_1/ip/design_1_axi_ethernet_0_0/bd_0/ip/ip_3/bd_929b_c_counter_binary_0_0/bd_929b_c_counter_binary_0_0_in_context.xdc] for cell 'inst/c_counter_binary_0'
Parsing XDC File [w:/ECE532/Server_NN/Server_NN/T5.srcs/sources_1/bd/design_1/ip/design_1_axi_ethernet_0_0/bd_0/ip/ip_5/bd_929b_util_vector_logic_0_0/bd_929b_util_vector_logic_0_0_in_context.xdc] for cell 'inst/util_vector_logic_0'
Finished Parsing XDC File [w:/ECE532/Server_NN/Server_NN/T5.srcs/sources_1/bd/design_1/ip/design_1_axi_ethernet_0_0/bd_0/ip/ip_5/bd_929b_util_vector_logic_0_0/bd_929b_util_vector_logic_0_0_in_context.xdc] for cell 'inst/util_vector_logic_0'
Parsing XDC File [w:/ECE532/Server_NN/Server_NN/T5.srcs/sources_1/bd/design_1/ip/design_1_axi_ethernet_0_0/synth/design_1_axi_ethernet_0_0_ooc.xdc] for cell 'inst'
WARNING: [Constraints 18-619] A clock with name 'rgmii_rxc' already exists, overwriting the previous clock with the same name. [w:/ECE532/Server_NN/Server_NN/T5.srcs/sources_1/bd/design_1/ip/design_1_axi_ethernet_0_0/synth/design_1_axi_ethernet_0_0_ooc.xdc:39]
Finished Parsing XDC File [w:/ECE532/Server_NN/Server_NN/T5.srcs/sources_1/bd/design_1/ip/design_1_axi_ethernet_0_0/synth/design_1_axi_ethernet_0_0_ooc.xdc] for cell 'inst'
Parsing XDC File [w:/ECE532/Server_NN/Server_NN/T5.srcs/sources_1/bd/design_1/ip/design_1_axi_ethernet_0_0/design_1_axi_ethernet_0_0_board.xdc] for cell 'inst'
Finished Parsing XDC File [w:/ECE532/Server_NN/Server_NN/T5.srcs/sources_1/bd/design_1/ip/design_1_axi_ethernet_0_0/design_1_axi_ethernet_0_0_board.xdc] for cell 'inst'
Parsing XDC File [W:/ECE532/Server_NN/Server_NN/T5.runs/design_1_axi_ethernet_0_0_synth_1/dont_touch.xdc]
Finished Parsing XDC File [W:/ECE532/Server_NN/Server_NN/T5.runs/design_1_axi_ethernet_0_0_synth_1/dont_touch.xdc]
Completed Processing XDC Constraints

Netlist sorting complete. Time (s): cpu = 00:00:00 ; elapsed = 00:00:00 . Memory (MB): peak = 869.387 ; gain = 0.000
INFO: [Project 1-111] Unisim Transformation Summary:
No Unisim elements were transformed.

Netlist sorting complete. Time (s): cpu = 00:00:00 ; elapsed = 00:00:00 . Memory (MB): peak = 869.387 ; gain = 0.000
Constraint Validation Runtime : Time (s): cpu = 00:00:00 ; elapsed = 00:00:00.152 . Memory (MB): peak = 869.387 ; gain = 0.000
---------------------------------------------------------------------------------
Finished Constraint Validation : Time (s): cpu = 00:00:11 ; elapsed = 00:00:17 . Memory (MB): peak = 869.387 ; gain = 478.613
---------------------------------------------------------------------------------
---------------------------------------------------------------------------------
Start Loading Part and Timing Information
---------------------------------------------------------------------------------
Loading part: xc7a200tsbg484-1
---------------------------------------------------------------------------------
Finished Loading Part and Timing Information : Time (s): cpu = 00:00:11 ; elapsed = 00:00:17 . Memory (MB): peak = 869.387 ; gain = 478.613
---------------------------------------------------------------------------------
---------------------------------------------------------------------------------
Start Applying 'set_property' XDC Constraints
---------------------------------------------------------------------------------
Applied set_property IO_BUFFER_TYPE = NONE for rgmii_rx_ctl. (constraint file  w:/ECE532/Server_NN/Server_NN/T5.srcs/sources_1/bd/design_1/ip/design_1_axi_ethernet_0_0/bd_0/ip/ip_1/bd_929b_mac_0/bd_929b_mac_0_in_context.xdc, line 7).
Applied set_property CLOCK_BUFFER_TYPE = NONE for rgmii_rx_ctl. (constraint file  w:/ECE532/Server_NN/Server_NN/T5.srcs/sources_1/bd/design_1/ip/design_1_axi_ethernet_0_0/bd_0/ip/ip_1/bd_929b_mac_0/bd_929b_mac_0_in_context.xdc, line 8).
Applied set_property IO_BUFFER_TYPE = NONE for rgmii_rxc. (constraint file  w:/ECE532/Server_NN/Server_NN/T5.srcs/sources_1/bd/design_1/ip/design_1_axi_ethernet_0_0/bd_0/ip/ip_1/bd_929b_mac_0/bd_929b_mac_0_in_context.xdc, line 9).
Applied set_property CLOCK_BUFFER_TYPE = NONE for rgmii_rxc. (constraint file  w:/ECE532/Server_NN/Server_NN/T5.srcs/sources_1/bd/design_1/ip/design_1_axi_ethernet_0_0/bd_0/ip/ip_1/bd_929b_mac_0/bd_929b_mac_0_in_context.xdc, line 10).
Applied set_property IO_BUFFER_TYPE = NONE for rgmii_rd[0]. (constraint file  w:/ECE532/Server_NN/Server_NN/T5.srcs/sources_1/bd/design_1/ip/design_1_axi_ethernet_0_0/bd_0/ip/ip_1/bd_929b_mac_0/bd_929b_mac_0_in_context.xdc, line 11).
Applied set_property CLOCK_BUFFER_TYPE = NONE for rgmii_rd[0]. (constraint file  w:/ECE532/Server_NN/Server_NN/T5.srcs/sources_1/bd/design_1/ip/design_1_axi_ethernet_0_0/bd_0/ip/ip_1/bd_929b_mac_0/bd_929b_mac_0_in_context.xdc, line 12).
Applied set_property IO_BUFFER_TYPE = NONE for rgmii_rd[1]. (constraint file  w:/ECE532/Server_NN/Server_NN/T5.srcs/sources_1/bd/design_1/ip/design_1_axi_ethernet_0_0/bd_0/ip/ip_1/bd_929b_mac_0/bd_929b_mac_0_in_context.xdc, line 13).
Applied set_property CLOCK_BUFFER_TYPE = NONE for rgmii_rd[1]. (constraint file  w:/ECE532/Server_NN/Server_NN/T5.srcs/sources_1/bd/design_1/ip/design_1_axi_ethernet_0_0/bd_0/ip/ip_1/bd_929b_mac_0/bd_929b_mac_0_in_context.xdc, line 14).
Applied set_property IO_BUFFER_TYPE = NONE for rgmii_rd[2]. (constraint file  w:/ECE532/Server_NN/Server_NN/T5.srcs/sources_1/bd/design_1/ip/design_1_axi_ethernet_0_0/bd_0/ip/ip_1/bd_929b_mac_0/bd_929b_mac_0_in_context.xdc, line 15).
Applied set_property CLOCK_BUFFER_TYPE = NONE for rgmii_rd[2]. (constraint file  w:/ECE532/Server_NN/Server_NN/T5.srcs/sources_1/bd/design_1/ip/design_1_axi_ethernet_0_0/bd_0/ip/ip_1/bd_929b_mac_0/bd_929b_mac_0_in_context.xdc, line 16).
Applied set_property IO_BUFFER_TYPE = NONE for rgmii_rd[3]. (constraint file  w:/ECE532/Server_NN/Server_NN/T5.srcs/sources_1/bd/design_1/ip/design_1_axi_ethernet_0_0/bd_0/ip/ip_1/bd_929b_mac_0/bd_929b_mac_0_in_context.xdc, line 17).
Applied set_property CLOCK_BUFFER_TYPE = NONE for rgmii_rd[3]. (constraint file  w:/ECE532/Server_NN/Server_NN/T5.srcs/sources_1/bd/design_1/ip/design_1_axi_ethernet_0_0/bd_0/ip/ip_1/bd_929b_mac_0/bd_929b_mac_0_in_context.xdc, line 18).
Applied set_property IO_BUFFER_TYPE = NONE for rgmii_tx_ctl. (constraint file  w:/ECE532/Server_NN/Server_NN/T5.srcs/sources_1/bd/design_1/ip/design_1_axi_ethernet_0_0/bd_0/ip/ip_1/bd_929b_mac_0/bd_929b_mac_0_in_context.xdc, line 19).
Applied set_property CLOCK_BUFFER_TYPE = NONE for rgmii_tx_ctl. (constraint file  w:/ECE532/Server_NN/Server_NN/T5.srcs/sources_1/bd/design_1/ip/design_1_axi_ethernet_0_0/bd_0/ip/ip_1/bd_929b_mac_0/bd_929b_mac_0_in_context.xdc, line 20).
Applied set_property IO_BUFFER_TYPE = NONE for rgmii_txc. (constraint file  w:/ECE532/Server_NN/Server_NN/T5.srcs/sources_1/bd/design_1/ip/design_1_axi_ethernet_0_0/bd_0/ip/ip_1/bd_929b_mac_0/bd_929b_mac_0_in_context.xdc, line 21).
Applied set_property CLOCK_BUFFER_TYPE = NONE for rgmii_txc. (constraint file  w:/ECE532/Server_NN/Server_NN/T5.srcs/sources_1/bd/design_1/ip/design_1_axi_ethernet_0_0/bd_0/ip/ip_1/bd_929b_mac_0/bd_929b_mac_0_in_context.xdc, line 22).
Applied set_property IO_BUFFER_TYPE = NONE for rgmii_td[0]. (constraint file  w:/ECE532/Server_NN/Server_NN/T5.srcs/sources_1/bd/design_1/ip/design_1_axi_ethernet_0_0/bd_0/ip/ip_1/bd_929b_mac_0/bd_929b_mac_0_in_context.xdc, line 23).
Applied set_property CLOCK_BUFFER_TYPE = NONE for rgmii_td[0]. (constraint file  w:/ECE532/Server_NN/Server_NN/T5.srcs/sources_1/bd/design_1/ip/design_1_axi_ethernet_0_0/bd_0/ip/ip_1/bd_929b_mac_0/bd_929b_mac_0_in_context.xdc, line 24).
Applied set_property IO_BUFFER_TYPE = NONE for rgmii_td[1]. (constraint file  w:/ECE532/Server_NN/Server_NN/T5.srcs/sources_1/bd/design_1/ip/design_1_axi_ethernet_0_0/bd_0/ip/ip_1/bd_929b_mac_0/bd_929b_mac_0_in_context.xdc, line 25).
Applied set_property CLOCK_BUFFER_TYPE = NONE for rgmii_td[1]. (constraint file  w:/ECE532/Server_NN/Server_NN/T5.srcs/sources_1/bd/design_1/ip/design_1_axi_ethernet_0_0/bd_0/ip/ip_1/bd_929b_mac_0/bd_929b_mac_0_in_context.xdc, line 26).
Applied set_property IO_BUFFER_TYPE = NONE for rgmii_td[2]. (constraint file  w:/ECE532/Server_NN/Server_NN/T5.srcs/sources_1/bd/design_1/ip/design_1_axi_ethernet_0_0/bd_0/ip/ip_1/bd_929b_mac_0/bd_929b_mac_0_in_context.xdc, line 27).
Applied set_property CLOCK_BUFFER_TYPE = NONE for rgmii_td[2]. (constraint file  w:/ECE532/Server_NN/Server_NN/T5.srcs/sources_1/bd/design_1/ip/design_1_axi_ethernet_0_0/bd_0/ip/ip_1/bd_929b_mac_0/bd_929b_mac_0_in_context.xdc, line 28).
Applied set_property IO_BUFFER_TYPE = NONE for rgmii_td[3]. (constraint file  w:/ECE532/Server_NN/Server_NN/T5.srcs/sources_1/bd/design_1/ip/design_1_axi_ethernet_0_0/bd_0/ip/ip_1/bd_929b_mac_0/bd_929b_mac_0_in_context.xdc, line 29).
Applied set_property CLOCK_BUFFER_TYPE = NONE for rgmii_td[3]. (constraint file  w:/ECE532/Server_NN/Server_NN/T5.srcs/sources_1/bd/design_1/ip/design_1_axi_ethernet_0_0/bd_0/ip/ip_1/bd_929b_mac_0/bd_929b_mac_0_in_context.xdc, line 30).
Applied set_property DONT_TOUCH = true for inst. (constraint file  auto generated constraint, line ).
Applied set_property DONT_TOUCH = true for inst/eth_buf. (constraint file  auto generated constraint, line ).
Applied set_property DONT_TOUCH = true for inst/mac. (constraint file  auto generated constraint, line ).
Applied set_property DONT_TOUCH = true for inst/c_shift_ram_0. (constraint file  auto generated constraint, line ).
Applied set_property DONT_TOUCH = true for inst/c_counter_binary_0. (constraint file  auto generated constraint, line ).
Applied set_property DONT_TOUCH = true for inst/xlconstant_0. (constraint file  auto generated constraint, line ).
Applied set_property DONT_TOUCH = true for inst/util_vector_logic_0. (constraint file  auto generated constraint, line ).
---------------------------------------------------------------------------------
Finished applying 'set_property' XDC Constraints : Time (s): cpu = 00:00:11 ; elapsed = 00:00:17 . Memory (MB): peak = 869.387 ; gain = 478.613
---------------------------------------------------------------------------------
---------------------------------------------------------------------------------
Finished RTL Optimization Phase 2 : Time (s): cpu = 00:00:11 ; elapsed = 00:00:18 . Memory (MB): peak = 869.387 ; gain = 478.613
---------------------------------------------------------------------------------

Report RTL Partitions: 
+-+--------------+------------+----------+
| |RTL Partition |Replication |Instances |
+-+--------------+------------+----------+
+-+--------------+------------+----------+
---------------------------------------------------------------------------------
Start RTL Component Statistics 
---------------------------------------------------------------------------------
Detailed RTL Component Info : 
---------------------------------------------------------------------------------
Finished RTL Component Statistics 
---------------------------------------------------------------------------------
---------------------------------------------------------------------------------
Start RTL Hierarchical Component Statistics 
---------------------------------------------------------------------------------
Hierarchical RTL Component report 
---------------------------------------------------------------------------------
Finished RTL Hierarchical Component Statistics
---------------------------------------------------------------------------------
---------------------------------------------------------------------------------
Start Part Resource Summary
---------------------------------------------------------------------------------
Part Resources:
DSPs: 740 (col length:100)
BRAMs: 730 (col length: RAMB18 100 RAMB36 50)
---------------------------------------------------------------------------------
Finished Part Resource Summary
---------------------------------------------------------------------------------
---------------------------------------------------------------------------------
Start Cross Boundary and Area Optimization
---------------------------------------------------------------------------------
Warning: Parallel synthesis criteria is not met 
---------------------------------------------------------------------------------
Finished Cross Boundary and Area Optimization : Time (s): cpu = 00:00:12 ; elapsed = 00:00:20 . Memory (MB): peak = 869.387 ; gain = 478.613
---------------------------------------------------------------------------------

Report RTL Partitions: 
+-+--------------+------------+----------+
| |RTL Partition |Replication |Instances |
+-+--------------+------------+----------+
+-+--------------+------------+----------+
---------------------------------------------------------------------------------
Start Applying XDC Timing Constraints
---------------------------------------------------------------------------------
INFO: [Synth 8-5578] Moved timing constraint from pin 'inst/mac/rgmii_txc' to pin 'inst/mac/bbstub_rgmii_txc/O'
INFO: [Synth 8-5578] Moved timing constraint from pin 'inst/mac/rx_mac_aclk' to pin 'inst/mac/bbstub_rx_mac_aclk/O'
INFO: [Synth 8-5578] Moved timing constraint from pin 'inst/mac/gtx_clk90_out' to pin 'inst/mac/bbstub_gtx_clk90_out/O'
INFO: [Synth 8-5578] Moved timing constraint from pin 'inst/mac/gtx_clk_out' to pin 'inst/mac/bbstub_gtx_clk_out/O'
INFO: [Synth 8-5578] Moved timing constraint from pin 'inst/mac/tx_mac_aclk' to pin 'inst/mac/bbstub_tx_mac_aclk/O'
WARNING: [Synth 8-565] redefining clock 'rgmii_rxc'
INFO: [Synth 8-5819] Moved 5 constraints on hierarchical pins to their respective driving/loading pins
---------------------------------------------------------------------------------
Finished Applying XDC Timing Constraints : Time (s): cpu = 00:00:20 ; elapsed = 00:00:28 . Memory (MB): peak = 920.773 ; gain = 530.000
---------------------------------------------------------------------------------
---------------------------------------------------------------------------------
Start Timing Optimization
---------------------------------------------------------------------------------
---------------------------------------------------------------------------------
Finished Timing Optimization : Time (s): cpu = 00:00:20 ; elapsed = 00:00:28 . Memory (MB): peak = 920.996 ; gain = 530.223
---------------------------------------------------------------------------------

Report RTL Partitions: 
+-+--------------+------------+----------+
| |RTL Partition |Replication |Instances |
+-+--------------+------------+----------+
+-+--------------+------------+----------+
---------------------------------------------------------------------------------
Start Technology Mapping
---------------------------------------------------------------------------------
---------------------------------------------------------------------------------
Finished Technology Mapping : Time (s): cpu = 00:00:20 ; elapsed = 00:00:28 . Memory (MB): peak = 930.746 ; gain = 539.973
---------------------------------------------------------------------------------

Report RTL Partitions: 
+-+--------------+------------+----------+
| |RTL Partition |Replication |Instances |
+-+--------------+------------+----------+
+-+--------------+------------+----------+
---------------------------------------------------------------------------------
Start IO Insertion
---------------------------------------------------------------------------------
---------------------------------------------------------------------------------
Start Flattening Before IO Insertion
---------------------------------------------------------------------------------
---------------------------------------------------------------------------------
Finished Flattening Before IO Insertion
---------------------------------------------------------------------------------
---------------------------------------------------------------------------------
Start Final Netlist Cleanup
---------------------------------------------------------------------------------
---------------------------------------------------------------------------------
Finished Final Netlist Cleanup
---------------------------------------------------------------------------------
---------------------------------------------------------------------------------
Finished IO Insertion : Time (s): cpu = 00:00:21 ; elapsed = 00:00:29 . Memory (MB): peak = 930.746 ; gain = 539.973
---------------------------------------------------------------------------------

Report Check Netlist: 
+------+------------------+-------+---------+-------+------------------+
|      |Item              |Errors |Warnings |Status |Description       |
+------+------------------+-------+---------+-------+------------------+
|1     |multi_driven_nets |      0|        0|Passed |Multi driven nets |
+------+------------------+-------+---------+-------+------------------+
---------------------------------------------------------------------------------
Start Renaming Generated Instances
---------------------------------------------------------------------------------
---------------------------------------------------------------------------------
Finished Renaming Generated Instances : Time (s): cpu = 00:00:21 ; elapsed = 00:00:29 . Memory (MB): peak = 930.746 ; gain = 539.973
---------------------------------------------------------------------------------

Report RTL Partitions: 
+-+--------------+------------+----------+
| |RTL Partition |Replication |Instances |
+-+--------------+------------+----------+
+-+--------------+------------+----------+
---------------------------------------------------------------------------------
Start Rebuilding User Hierarchy
---------------------------------------------------------------------------------
---------------------------------------------------------------------------------
Finished Rebuilding User Hierarchy : Time (s): cpu = 00:00:21 ; elapsed = 00:00:29 . Memory (MB): peak = 930.746 ; gain = 539.973
---------------------------------------------------------------------------------
---------------------------------------------------------------------------------
Start Renaming Generated Ports
---------------------------------------------------------------------------------
---------------------------------------------------------------------------------
Finished Renaming Generated Ports : Time (s): cpu = 00:00:21 ; elapsed = 00:00:29 . Memory (MB): peak = 930.746 ; gain = 539.973
---------------------------------------------------------------------------------
---------------------------------------------------------------------------------
Start Handling Custom Attributes
---------------------------------------------------------------------------------
---------------------------------------------------------------------------------
Finished Handling Custom Attributes : Time (s): cpu = 00:00:21 ; elapsed = 00:00:29 . Memory (MB): peak = 930.746 ; gain = 539.973
---------------------------------------------------------------------------------
---------------------------------------------------------------------------------
Start Renaming Generated Nets
---------------------------------------------------------------------------------
---------------------------------------------------------------------------------
Finished Renaming Generated Nets : Time (s): cpu = 00:00:21 ; elapsed = 00:00:29 . Memory (MB): peak = 930.746 ; gain = 539.973
---------------------------------------------------------------------------------
---------------------------------------------------------------------------------
Start Writing Synthesis Report
---------------------------------------------------------------------------------

Report BlackBoxes: 
+------+------------------------------+----------+
|      |BlackBox name                 |Instances |
+------+------------------------------+----------+
|1     |bd_929b_c_counter_binary_0_0  |         1|
|2     |bd_929b_c_shift_ram_0_0       |         1|
|3     |bd_929b_eth_buf_0             |         1|
|4     |bd_929b_mac_0                 |         1|
|5     |bd_929b_util_vector_logic_0_0 |         1|
+------+------------------------------+----------+

Report Cell Usage: 
+------+------------------------------+------+
|      |Cell                          |Count |
+------+------------------------------+------+
|1     |bd_929b_c_counter_binary_0_0  |     1|
|2     |bd_929b_c_shift_ram_0_0       |     1|
|3     |bd_929b_eth_buf_0             |     1|
|4     |bd_929b_mac_0                 |     1|
|5     |bd_929b_util_vector_logic_0_0 |     1|
+------+------------------------------+------+

Report Instance Areas: 
+------+-----------------+-----------------------+------+
|      |Instance         |Module                 |Cells |
+------+-----------------+-----------------------+------+
|1     |top              |                       |   395|
|2     |  inst           |bd_929b                |   395|
|3     |    xlconstant_0 |bd_929b_xlconstant_0_0 |     0|
+------+-----------------+-----------------------+------+
---------------------------------------------------------------------------------
Finished Writing Synthesis Report : Time (s): cpu = 00:00:21 ; elapsed = 00:00:29 . Memory (MB): peak = 930.746 ; gain = 539.973
---------------------------------------------------------------------------------
Synthesis finished with 0 errors, 0 critical warnings and 1 warnings.
Synthesis Optimization Runtime : Time (s): cpu = 00:00:12 ; elapsed = 00:00:20 . Memory (MB): peak = 930.746 ; gain = 229.270
Synthesis Optimization Complete : Time (s): cpu = 00:00:21 ; elapsed = 00:00:29 . Memory (MB): peak = 930.746 ; gain = 539.973
INFO: [Project 1-571] Translating synthesized netlist
INFO: [Project 1-570] Preparing netlist for logic optimization
INFO: [Opt 31-138] Pushed 0 inverter(s) to 0 load pin(s).
Netlist sorting complete. Time (s): cpu = 00:00:00 ; elapsed = 00:00:00 . Memory (MB): peak = 952.094 ; gain = 0.000
INFO: [Project 1-111] Unisim Transformation Summary:
No Unisim elements were transformed.

INFO: [Common 17-83] Releasing license: Synthesis
33 Infos, 5 Warnings, 0 Critical Warnings and 0 Errors encountered.
synth_design completed successfully
synth_design: Time (s): cpu = 00:00:22 ; elapsed = 00:00:33 . Memory (MB): peak = 956.672 ; gain = 565.898
Netlist sorting complete. Time (s): cpu = 00:00:00 ; elapsed = 00:00:00 . Memory (MB): peak = 956.672 ; gain = 0.000
WARNING: [Constraints 18-5210] No constraints selected for write.
Resolution: This message can indicate that there are no constraints for the design, or it can indicate that the used_in flags are set such that the constraints are ignored. This later case is used when running synth_design to not write synthesis constraints to the resulting checkpoint. Instead, project constraints are read when the synthesized design is opened.
INFO: [Common 17-1381] The checkpoint 'W:/ECE532/Server_NN/Server_NN/T5.runs/design_1_axi_ethernet_0_0_synth_1/design_1_axi_ethernet_0_0.dcp' has been generated.
INFO: [Coretcl 2-1648] Added synthesis output to IP cache for IP design_1_axi_ethernet_0_0, cache-ID = fbc691d98a437ed6
INFO: [Coretcl 2-1174] Renamed 7 cell refs.
Netlist sorting complete. Time (s): cpu = 00:00:00 ; elapsed = 00:00:00 . Memory (MB): peak = 956.977 ; gain = 0.000
WARNING: [Constraints 18-5210] No constraints selected for write.
Resolution: This message can indicate that there are no constraints for the design, or it can indicate that the used_in flags are set such that the constraints are ignored. This later case is used when running synth_design to not write synthesis constraints to the resulting checkpoint. Instead, project constraints are read when the synthesized design is opened.
INFO: [Common 17-1381] The checkpoint 'W:/ECE532/Server_NN/Server_NN/T5.runs/design_1_axi_ethernet_0_0_synth_1/design_1_axi_ethernet_0_0.dcp' has been generated.
INFO: [runtcl-4] Executing : report_utilization -file design_1_axi_ethernet_0_0_utilization_synth.rpt -pb design_1_axi_ethernet_0_0_utilization_synth.pb
INFO: [Common 17-206] Exiting Vivado at Wed Apr 14 00:15:48 2021...
