02:19:08 INFO  : Registering command handlers for SDK TCF services
02:19:08 INFO  : Launching XSCT server: xsct.bat -interactive C:\Server_NN\T5.sdk\temp_xsdb_launch_script.tcl
02:19:10 INFO  : XSCT server has started successfully.
02:19:10 INFO  : Successfully done setting XSCT server connection channel  
02:19:10 INFO  : Successfully done setting SDK workspace  
02:19:10 INFO  : Processing command line option -hwspec C:/Server_NN/T5.sdk/design_1_wrapper.hdf.
02:21:34 ERROR : The Hardware Project referenced by this BSP (tcp_SW_bsp) was not found in this workspace. As a result, this BSP will not build properly. To fix this error, please import the associated hardware project or recreate a new BSP targeting an existing hardware platform.
02:33:29 INFO  : Refreshed build settings on project NN_Server
02:36:08 INFO  : Connected to target on host '127.0.0.1' and port '3121'.
02:36:13 INFO  : 'targets -set -filter {jtag_cable_name =~ "Digilent Nexys Video 210276724057B" && level==0} -index 0' command is executed.
02:36:21 INFO  : FPGA configured successfully with bitstream "C:/Server_NN/T5.sdk/design_1_wrapper_hw_platform_0/download.bit"
02:36:40 INFO  : 'targets -set -filter {jtag_cable_name =~ "Digilent Nexys Video 210276724057B" && level==0} -index 0' command is executed.
02:36:40 INFO  : 'fpga -state' command is executed.
02:36:40 INFO  : Connected to target on host '127.0.0.1' and port '3121'.
02:36:40 INFO  : Jtag cable 'Digilent Nexys Video 210276724057B' is selected.
02:36:40 INFO  : 'jtag frequency' command is executed.
02:36:40 INFO  : 'configparams mdm-detect-bscan-mask 2' command is executed.
02:36:40 INFO  : Context for processor 'microblaze_0' is selected.
02:36:40 INFO  : Processor reset is completed for 'microblaze_0'.
02:36:40 INFO  : Context for processor 'microblaze_0' is selected.
02:36:41 INFO  : The application 'C:/Server_NN/T5.sdk/NN_Server/Debug/NN_Server.elf' is downloaded to processor 'microblaze_0'.
02:36:41 INFO  : ----------------XSDB Script----------------
connect -url tcp:127.0.0.1:3121
configparams mdm-detect-bscan-mask 2
targets -set -nocase -filter {name =~ "microblaze*#0" && bscan=="USER2"  && jtag_cable_name =~ "Digilent Nexys Video 210276724057B"} -index 0
rst -processor
targets -set -nocase -filter {name =~ "microblaze*#0" && bscan=="USER2"  && jtag_cable_name =~ "Digilent Nexys Video 210276724057B"} -index 0
dow C:/Server_NN/T5.sdk/NN_Server/Debug/NN_Server.elf
----------------End of Script----------------

02:36:41 INFO  : Context for processor 'microblaze_0' is selected.
02:36:41 INFO  : 'con' command is executed.
02:36:41 INFO  : ----------------XSDB Script (After Launch)----------------
targets -set -nocase -filter {name =~ "microblaze*#0" && bscan=="USER2"  && jtag_cable_name =~ "Digilent Nexys Video 210276724057B"} -index 0
con
----------------End of Script----------------

02:36:41 INFO  : Disconnected from the channel tcfchan#1.
02:37:33 INFO  : 'targets -set -filter {jtag_cable_name =~ "Digilent Nexys Video 210276724057B" && level==0} -index 0' command is executed.
02:37:33 INFO  : 'fpga -state' command is executed.
02:37:33 INFO  : Connected to target on host '127.0.0.1' and port '3121'.
02:37:33 INFO  : Jtag cable 'Digilent Nexys Video 210276724057B' is selected.
02:37:33 INFO  : 'jtag frequency' command is executed.
02:37:33 INFO  : 'configparams mdm-detect-bscan-mask 2' command is executed.
02:37:34 INFO  : Context for processor 'microblaze_0' is selected.
02:37:34 INFO  : Processor reset is completed for 'microblaze_0'.
02:37:35 INFO  : Context for processor 'microblaze_0' is selected.
02:37:36 INFO  : The application 'C:/Server_NN/T5.sdk/NN_Server/Debug/NN_Server.elf' is downloaded to processor 'microblaze_0'.
02:37:36 INFO  : ----------------XSDB Script----------------
connect -url tcp:127.0.0.1:3121
configparams mdm-detect-bscan-mask 2
targets -set -nocase -filter {name =~ "microblaze*#0" && bscan=="USER2"  && jtag_cable_name =~ "Digilent Nexys Video 210276724057B"} -index 0
rst -processor
targets -set -nocase -filter {name =~ "microblaze*#0" && bscan=="USER2"  && jtag_cable_name =~ "Digilent Nexys Video 210276724057B"} -index 0
dow C:/Server_NN/T5.sdk/NN_Server/Debug/NN_Server.elf
----------------End of Script----------------

02:37:37 INFO  : Context for processor 'microblaze_0' is selected.
02:37:37 INFO  : 'con' command is executed.
02:37:37 INFO  : ----------------XSDB Script (After Launch)----------------
targets -set -nocase -filter {name =~ "microblaze*#0" && bscan=="USER2"  && jtag_cable_name =~ "Digilent Nexys Video 210276724057B"} -index 0
con
----------------End of Script----------------

02:37:37 INFO  : Disconnected from the channel tcfchan#2.
02:52:43 INFO  : 'targets -set -filter {jtag_cable_name =~ "Digilent Nexys Video 210276724057B" && level==0} -index 0' command is executed.
02:52:43 INFO  : 'fpga -state' command is executed.
02:52:43 INFO  : Connected to target on host '127.0.0.1' and port '3121'.
02:52:43 INFO  : Jtag cable 'Digilent Nexys Video 210276724057B' is selected.
02:52:43 INFO  : 'jtag frequency' command is executed.
02:52:43 INFO  : 'configparams mdm-detect-bscan-mask 2' command is executed.
02:52:44 INFO  : Context for processor 'microblaze_0' is selected.
02:52:44 INFO  : Processor reset is completed for 'microblaze_0'.
02:52:45 INFO  : Context for processor 'microblaze_0' is selected.
02:52:46 INFO  : The application 'C:/Server_NN/T5.sdk/NN_Server/Debug/NN_Server.elf' is downloaded to processor 'microblaze_0'.
02:52:46 INFO  : ----------------XSDB Script----------------
connect -url tcp:127.0.0.1:3121
configparams mdm-detect-bscan-mask 2
targets -set -nocase -filter {name =~ "microblaze*#0" && bscan=="USER2"  && jtag_cable_name =~ "Digilent Nexys Video 210276724057B"} -index 0
rst -processor
targets -set -nocase -filter {name =~ "microblaze*#0" && bscan=="USER2"  && jtag_cable_name =~ "Digilent Nexys Video 210276724057B"} -index 0
dow C:/Server_NN/T5.sdk/NN_Server/Debug/NN_Server.elf
----------------End of Script----------------

02:52:47 INFO  : Context for processor 'microblaze_0' is selected.
02:52:47 INFO  : 'con' command is executed.
02:52:47 INFO  : ----------------XSDB Script (After Launch)----------------
targets -set -nocase -filter {name =~ "microblaze*#0" && bscan=="USER2"  && jtag_cable_name =~ "Digilent Nexys Video 210276724057B"} -index 0
con
----------------End of Script----------------

02:52:47 INFO  : Disconnected from the channel tcfchan#3.
02:56:21 INFO  : 'targets -set -filter {jtag_cable_name =~ "Digilent Nexys Video 210276724057B" && level==0} -index 0' command is executed.
02:56:21 INFO  : 'fpga -state' command is executed.
02:56:21 INFO  : Connected to target on host '127.0.0.1' and port '3121'.
02:56:21 INFO  : Jtag cable 'Digilent Nexys Video 210276724057B' is selected.
02:56:21 INFO  : 'jtag frequency' command is executed.
02:56:21 INFO  : 'configparams mdm-detect-bscan-mask 2' command is executed.
02:56:23 INFO  : Context for processor 'microblaze_0' is selected.
02:56:23 INFO  : Processor reset is completed for 'microblaze_0'.
02:56:25 INFO  : Context for processor 'microblaze_0' is selected.
02:56:25 INFO  : The application 'C:/Server_NN/T5.sdk/NN_Server/Debug/NN_Server.elf' is downloaded to processor 'microblaze_0'.
02:56:25 INFO  : ----------------XSDB Script----------------
connect -url tcp:127.0.0.1:3121
configparams mdm-detect-bscan-mask 2
targets -set -nocase -filter {name =~ "microblaze*#0" && bscan=="USER2"  && jtag_cable_name =~ "Digilent Nexys Video 210276724057B"} -index 0
rst -processor
targets -set -nocase -filter {name =~ "microblaze*#0" && bscan=="USER2"  && jtag_cable_name =~ "Digilent Nexys Video 210276724057B"} -index 0
dow C:/Server_NN/T5.sdk/NN_Server/Debug/NN_Server.elf
----------------End of Script----------------

02:56:27 INFO  : Context for processor 'microblaze_0' is selected.
02:56:27 INFO  : 'con' command is executed.
02:56:27 INFO  : ----------------XSDB Script (After Launch)----------------
targets -set -nocase -filter {name =~ "microblaze*#0" && bscan=="USER2"  && jtag_cable_name =~ "Digilent Nexys Video 210276724057B"} -index 0
con
----------------End of Script----------------

02:56:27 INFO  : Disconnected from the channel tcfchan#4.
02:58:01 INFO  : 'targets -set -filter {jtag_cable_name =~ "Digilent Nexys Video 210276724057B" && level==0} -index 0' command is executed.
02:58:01 INFO  : 'fpga -state' command is executed.
02:58:01 INFO  : Connected to target on host '127.0.0.1' and port '3121'.
02:58:01 INFO  : Jtag cable 'Digilent Nexys Video 210276724057B' is selected.
02:58:01 INFO  : 'jtag frequency' command is executed.
02:58:01 INFO  : 'configparams mdm-detect-bscan-mask 2' command is executed.
02:58:02 INFO  : Context for processor 'microblaze_0' is selected.
02:58:02 INFO  : Processor reset is completed for 'microblaze_0'.
02:58:03 INFO  : Context for processor 'microblaze_0' is selected.
02:58:04 INFO  : The application 'C:/Server_NN/T5.sdk/NN_Server/Debug/NN_Server.elf' is downloaded to processor 'microblaze_0'.
02:58:04 INFO  : ----------------XSDB Script----------------
connect -url tcp:127.0.0.1:3121
configparams mdm-detect-bscan-mask 2
targets -set -nocase -filter {name =~ "microblaze*#0" && bscan=="USER2"  && jtag_cable_name =~ "Digilent Nexys Video 210276724057B"} -index 0
rst -processor
targets -set -nocase -filter {name =~ "microblaze*#0" && bscan=="USER2"  && jtag_cable_name =~ "Digilent Nexys Video 210276724057B"} -index 0
dow C:/Server_NN/T5.sdk/NN_Server/Debug/NN_Server.elf
----------------End of Script----------------

02:58:05 INFO  : Context for processor 'microblaze_0' is selected.
02:58:05 INFO  : 'con' command is executed.
02:58:05 INFO  : ----------------XSDB Script (After Launch)----------------
targets -set -nocase -filter {name =~ "microblaze*#0" && bscan=="USER2"  && jtag_cable_name =~ "Digilent Nexys Video 210276724057B"} -index 0
con
----------------End of Script----------------

02:58:05 INFO  : Disconnected from the channel tcfchan#5.
03:00:47 INFO  : 'targets -set -filter {jtag_cable_name =~ "Digilent Nexys Video 210276724057B" && level==0} -index 0' command is executed.
03:00:47 INFO  : 'fpga -state' command is executed.
03:00:47 INFO  : Connected to target on host '127.0.0.1' and port '3121'.
03:00:48 INFO  : Jtag cable 'Digilent Nexys Video 210276724057B' is selected.
03:00:48 INFO  : 'jtag frequency' command is executed.
03:00:48 INFO  : 'configparams mdm-detect-bscan-mask 2' command is executed.
03:00:49 INFO  : Context for processor 'microblaze_0' is selected.
03:00:49 INFO  : Processor reset is completed for 'microblaze_0'.
03:00:50 INFO  : Context for processor 'microblaze_0' is selected.
03:00:50 INFO  : The application 'C:/Server_NN/T5.sdk/NN_Server/Debug/NN_Server.elf' is downloaded to processor 'microblaze_0'.
03:00:50 INFO  : ----------------XSDB Script----------------
connect -url tcp:127.0.0.1:3121
configparams mdm-detect-bscan-mask 2
targets -set -nocase -filter {name =~ "microblaze*#0" && bscan=="USER2"  && jtag_cable_name =~ "Digilent Nexys Video 210276724057B"} -index 0
rst -processor
targets -set -nocase -filter {name =~ "microblaze*#0" && bscan=="USER2"  && jtag_cable_name =~ "Digilent Nexys Video 210276724057B"} -index 0
dow C:/Server_NN/T5.sdk/NN_Server/Debug/NN_Server.elf
----------------End of Script----------------

03:00:52 INFO  : Context for processor 'microblaze_0' is selected.
03:00:52 INFO  : 'con' command is executed.
03:00:52 INFO  : ----------------XSDB Script (After Launch)----------------
targets -set -nocase -filter {name =~ "microblaze*#0" && bscan=="USER2"  && jtag_cable_name =~ "Digilent Nexys Video 210276724057B"} -index 0
con
----------------End of Script----------------

03:00:52 INFO  : Disconnected from the channel tcfchan#6.
03:01:08 INFO  : 'targets -set -filter {jtag_cable_name =~ "Digilent Nexys Video 210276724057B" && level==0} -index 0' command is executed.
03:01:08 INFO  : 'fpga -state' command is executed.
03:01:08 INFO  : Connected to target on host '127.0.0.1' and port '3121'.
03:01:08 INFO  : Jtag cable 'Digilent Nexys Video 210276724057B' is selected.
03:01:08 INFO  : 'jtag frequency' command is executed.
03:01:08 INFO  : 'configparams mdm-detect-bscan-mask 2' command is executed.
03:01:09 INFO  : Context for processor 'microblaze_0' is selected.
03:01:09 INFO  : Processor reset is completed for 'microblaze_0'.
03:01:10 INFO  : Context for processor 'microblaze_0' is selected.
03:01:11 INFO  : The application 'C:/Server_NN/T5.sdk/NN_Server/Debug/NN_Server.elf' is downloaded to processor 'microblaze_0'.
03:01:11 INFO  : ----------------XSDB Script----------------
connect -url tcp:127.0.0.1:3121
configparams mdm-detect-bscan-mask 2
targets -set -nocase -filter {name =~ "microblaze*#0" && bscan=="USER2"  && jtag_cable_name =~ "Digilent Nexys Video 210276724057B"} -index 0
rst -processor
targets -set -nocase -filter {name =~ "microblaze*#0" && bscan=="USER2"  && jtag_cable_name =~ "Digilent Nexys Video 210276724057B"} -index 0
dow C:/Server_NN/T5.sdk/NN_Server/Debug/NN_Server.elf
----------------End of Script----------------

03:01:12 INFO  : Context for processor 'microblaze_0' is selected.
03:01:12 INFO  : 'con' command is executed.
03:01:12 INFO  : ----------------XSDB Script (After Launch)----------------
targets -set -nocase -filter {name =~ "microblaze*#0" && bscan=="USER2"  && jtag_cable_name =~ "Digilent Nexys Video 210276724057B"} -index 0
con
----------------End of Script----------------

03:01:12 INFO  : Disconnected from the channel tcfchan#7.
03:04:51 INFO  : 'targets -set -filter {jtag_cable_name =~ "Digilent Nexys Video 210276724057B" && level==0} -index 0' command is executed.
03:04:51 INFO  : 'fpga -state' command is executed.
03:04:51 INFO  : Connected to target on host '127.0.0.1' and port '3121'.
03:04:51 INFO  : Jtag cable 'Digilent Nexys Video 210276724057B' is selected.
03:04:51 INFO  : 'jtag frequency' command is executed.
03:04:51 INFO  : 'configparams mdm-detect-bscan-mask 2' command is executed.
03:04:52 INFO  : Context for processor 'microblaze_0' is selected.
03:04:52 INFO  : Processor reset is completed for 'microblaze_0'.
03:04:53 INFO  : Context for processor 'microblaze_0' is selected.
03:04:54 INFO  : The application 'C:/Server_NN/T5.sdk/NN_Server/Debug/NN_Server.elf' is downloaded to processor 'microblaze_0'.
03:04:54 INFO  : ----------------XSDB Script----------------
connect -url tcp:127.0.0.1:3121
configparams mdm-detect-bscan-mask 2
targets -set -nocase -filter {name =~ "microblaze*#0" && bscan=="USER2"  && jtag_cable_name =~ "Digilent Nexys Video 210276724057B"} -index 0
rst -processor
targets -set -nocase -filter {name =~ "microblaze*#0" && bscan=="USER2"  && jtag_cable_name =~ "Digilent Nexys Video 210276724057B"} -index 0
dow C:/Server_NN/T5.sdk/NN_Server/Debug/NN_Server.elf
----------------End of Script----------------

03:04:55 INFO  : Context for processor 'microblaze_0' is selected.
03:04:55 INFO  : 'con' command is executed.
03:04:55 INFO  : ----------------XSDB Script (After Launch)----------------
targets -set -nocase -filter {name =~ "microblaze*#0" && bscan=="USER2"  && jtag_cable_name =~ "Digilent Nexys Video 210276724057B"} -index 0
con
----------------End of Script----------------

03:04:55 INFO  : Disconnected from the channel tcfchan#8.
03:08:08 INFO  : 'targets -set -filter {jtag_cable_name =~ "Digilent Nexys Video 210276724057B" && level==0} -index 0' command is executed.
03:08:08 INFO  : 'fpga -state' command is executed.
03:08:08 INFO  : Connected to target on host '127.0.0.1' and port '3121'.
03:08:08 INFO  : Jtag cable 'Digilent Nexys Video 210276724057B' is selected.
03:08:08 INFO  : 'jtag frequency' command is executed.
03:08:08 INFO  : 'configparams mdm-detect-bscan-mask 2' command is executed.
03:08:10 INFO  : Context for processor 'microblaze_0' is selected.
03:08:10 INFO  : Processor reset is completed for 'microblaze_0'.
03:08:12 INFO  : Context for processor 'microblaze_0' is selected.
03:08:12 INFO  : The application 'C:/Server_NN/T5.sdk/NN_Server/Debug/NN_Server.elf' is downloaded to processor 'microblaze_0'.
03:08:12 INFO  : ----------------XSDB Script----------------
connect -url tcp:127.0.0.1:3121
configparams mdm-detect-bscan-mask 2
targets -set -nocase -filter {name =~ "microblaze*#0" && bscan=="USER2"  && jtag_cable_name =~ "Digilent Nexys Video 210276724057B"} -index 0
rst -processor
targets -set -nocase -filter {name =~ "microblaze*#0" && bscan=="USER2"  && jtag_cable_name =~ "Digilent Nexys Video 210276724057B"} -index 0
dow C:/Server_NN/T5.sdk/NN_Server/Debug/NN_Server.elf
----------------End of Script----------------

03:08:13 INFO  : Context for processor 'microblaze_0' is selected.
03:08:13 INFO  : 'con' command is executed.
03:08:13 INFO  : ----------------XSDB Script (After Launch)----------------
targets -set -nocase -filter {name =~ "microblaze*#0" && bscan=="USER2"  && jtag_cable_name =~ "Digilent Nexys Video 210276724057B"} -index 0
con
----------------End of Script----------------

03:08:13 INFO  : Disconnected from the channel tcfchan#9.
