#-----------------------------------------------------------
# Vivado v2018.3 (64-bit)
# SW Build 2405991 on Thu Dec  6 23:38:27 MST 2018
# IP Build 2404404 on Fri Dec  7 01:43:56 MST 2018
# Start of session at: Wed Mar 24 19:57:19 2021
# Process ID: 16096
# Current directory: C:/ip_repo/AXISHandWritten
# Command line: vivado.exe -gui_launcher_event rodinguilauncherevent5196 C:\ip_repo\AXISHandWritten\edit_NeuralNetHandWritten_v1_0.xpr
# Log file: C:/ip_repo/AXISHandWritten/vivado.log
# Journal file: C:/ip_repo/AXISHandWritten\vivado.jou
#-----------------------------------------------------------
start_gui
open_project C:/ip_repo/AXISHandWritten/edit_NeuralNetHandWritten_v1_0.xpr
WARNING: [filemgmt 56-99] Vivado Synthesis ignores library specification for Verilog or SystemVerilog files. [C:/ip_repo/AXISHandWritten/NeuralNetHandWritten_1_0/hdl/NeuralNetHandWritten_v1_0_M00_AXIS.v:]
WARNING: [filemgmt 56-99] Vivado Synthesis ignores library specification for Verilog or SystemVerilog files. [C:/ip_repo/AXISHandWritten/NeuralNetHandWritten_1_0/hdl/NeuralNetHandWritten_v1_0_S00_AXIS.v:]
WARNING: [filemgmt 56-99] Vivado Synthesis ignores library specification for Verilog or SystemVerilog files. [C:/ip_repo/AXISHandWritten/NeuralNetHandWritten_1_0/hdl/NeuralNetHandWritten_v1_0.v:]
Scanning sources...
Finished scanning sources
WARNING: [filemgmt 56-99] Vivado Synthesis ignores library specification for Verilog or SystemVerilog files. [C:/ip_repo/AXISHandWritten/NeuralNetHandWritten_1_0/hdl/NeuralNetHandWritten_v1_0_M00_AXIS.v:]
WARNING: [filemgmt 56-99] Vivado Synthesis ignores library specification for Verilog or SystemVerilog files. [C:/ip_repo/AXISHandWritten/NeuralNetHandWritten_1_0/hdl/NeuralNetHandWritten_v1_0_S00_AXIS.v:]
WARNING: [filemgmt 56-99] Vivado Synthesis ignores library specification for Verilog or SystemVerilog files. [C:/ip_repo/AXISHandWritten/NeuralNetHandWritten_1_0/hdl/NeuralNetHandWritten_v1_0.v:]
INFO: [IP_Flow 19-234] Refreshing IP repositories
INFO: [IP_Flow 19-1700] Loaded user IP repository 'c:/ip_repo/AXISHandWritten/NeuralNetHandWritten_1_0'.
WARNING: [IP_Flow 19-2207] Repository 'c:/ip_repo/AXISHandWritten/NeuralNetHandWritten_1_0' already exists; ignoring attempt to add it again.
INFO: [IP_Flow 19-1700] Loaded user IP repository 'c:/ip_repo/AXISHandWritten/NeuralNetHandWritten_1_0'.
INFO: [IP_Flow 19-2313] Loaded Vivado IP repository 'D:/Vivado/2018.3/data/ip'.
open_project: Time (s): cpu = 00:00:13 ; elapsed = 00:00:07 . Memory (MB): peak = 806.164 ; gain = 175.117
update_compile_order -fileset sources_1
export_ip_user_files -of_objects  [get_files C:/ip_repo/AXISHandWritten/NeuralNetHandWritten_1_0/src/bias_layer2.mem] -no_script -reset -force -quiet
export_ip_user_files -of_objects  [get_files C:/ip_repo/AXISHandWritten/NeuralNetHandWritten_1_0/src/bias_layer3.mem] -no_script -reset -force -quiet
export_ip_user_files -of_objects  [get_files C:/ip_repo/AXISHandWritten/NeuralNetHandWritten_1_0/src/weights_layer1_2.mem] -no_script -reset -force -quiet
export_ip_user_files -of_objects  [get_files C:/ip_repo/AXISHandWritten/NeuralNetHandWritten_1_0/src/weights_layer2_3.mem] -no_script -reset -force -quiet
remove_files  {C:/ip_repo/AXISHandWritten/NeuralNetHandWritten_1_0/src/bias_layer2.mem C:/ip_repo/AXISHandWritten/NeuralNetHandWritten_1_0/src/bias_layer3.mem C:/ip_repo/AXISHandWritten/NeuralNetHandWritten_1_0/src/weights_layer1_2.mem C:/ip_repo/AXISHandWritten/NeuralNetHandWritten_1_0/src/weights_layer2_3.mem}
import_files -norecurse {C:/ip_repo/AXISHandWritten/bias_layer3.mem C:/ip_repo/AXISHandWritten/bias_layer2.mem C:/ip_repo/AXISHandWritten/weights_layer1_2.mem C:/ip_repo/AXISHandWritten/weights_layer2_3.mem}
reset_run synth_1
launch_runs synth_1 -jobs 4
WARNING: [filemgmt 56-99] Vivado Synthesis ignores library specification for Verilog or SystemVerilog files. [C:/ip_repo/AXISHandWritten/NeuralNetHandWritten_1_0/hdl/NeuralNetHandWritten_v1_0_M00_AXIS.v:]
WARNING: [filemgmt 56-99] Vivado Synthesis ignores library specification for Verilog or SystemVerilog files. [C:/ip_repo/AXISHandWritten/NeuralNetHandWritten_1_0/hdl/NeuralNetHandWritten_v1_0_S00_AXIS.v:]
WARNING: [filemgmt 56-99] Vivado Synthesis ignores library specification for Verilog or SystemVerilog files. [C:/ip_repo/AXISHandWritten/NeuralNetHandWritten_1_0/hdl/NeuralNetHandWritten_v1_0.v:]
WARNING: [filemgmt 56-99] Vivado Synthesis ignores library specification for Verilog or SystemVerilog files. [C:/ip_repo/AXISHandWritten/NeuralNetHandWritten_1_0/hdl/NeuralNetHandWritten_v1_0_M00_AXIS.v:]
WARNING: [filemgmt 56-99] Vivado Synthesis ignores library specification for Verilog or SystemVerilog files. [C:/ip_repo/AXISHandWritten/NeuralNetHandWritten_1_0/hdl/NeuralNetHandWritten_v1_0_S00_AXIS.v:]
WARNING: [filemgmt 56-99] Vivado Synthesis ignores library specification for Verilog or SystemVerilog files. [C:/ip_repo/AXISHandWritten/NeuralNetHandWritten_1_0/hdl/NeuralNetHandWritten_v1_0.v:]
[Wed Mar 24 20:56:30 2021] Launched synth_1...
Run output will be captured here: C:/ip_repo/AXISHandWritten/edit_NeuralNetHandWritten_v1_0.runs/synth_1/runme.log
reset_run synth_1
launch_runs synth_1 -jobs 4
WARNING: [filemgmt 56-99] Vivado Synthesis ignores library specification for Verilog or SystemVerilog files. [C:/ip_repo/AXISHandWritten/NeuralNetHandWritten_1_0/hdl/NeuralNetHandWritten_v1_0_M00_AXIS.v:]
WARNING: [filemgmt 56-99] Vivado Synthesis ignores library specification for Verilog or SystemVerilog files. [C:/ip_repo/AXISHandWritten/NeuralNetHandWritten_1_0/hdl/NeuralNetHandWritten_v1_0_S00_AXIS.v:]
WARNING: [filemgmt 56-99] Vivado Synthesis ignores library specification for Verilog or SystemVerilog files. [C:/ip_repo/AXISHandWritten/NeuralNetHandWritten_1_0/hdl/NeuralNetHandWritten_v1_0.v:]
WARNING: [filemgmt 56-99] Vivado Synthesis ignores library specification for Verilog or SystemVerilog files. [C:/ip_repo/AXISHandWritten/NeuralNetHandWritten_1_0/hdl/NeuralNetHandWritten_v1_0_M00_AXIS.v:]
WARNING: [filemgmt 56-99] Vivado Synthesis ignores library specification for Verilog or SystemVerilog files. [C:/ip_repo/AXISHandWritten/NeuralNetHandWritten_1_0/hdl/NeuralNetHandWritten_v1_0_S00_AXIS.v:]
WARNING: [filemgmt 56-99] Vivado Synthesis ignores library specification for Verilog or SystemVerilog files. [C:/ip_repo/AXISHandWritten/NeuralNetHandWritten_1_0/hdl/NeuralNetHandWritten_v1_0.v:]
[Wed Mar 24 21:04:34 2021] Launched synth_1...
Run output will be captured here: C:/ip_repo/AXISHandWritten/edit_NeuralNetHandWritten_v1_0.runs/synth_1/runme.log
reset_run synth_1
launch_runs synth_1 -jobs 4
WARNING: [filemgmt 56-99] Vivado Synthesis ignores library specification for Verilog or SystemVerilog files. [C:/ip_repo/AXISHandWritten/NeuralNetHandWritten_1_0/hdl/NeuralNetHandWritten_v1_0_M00_AXIS.v:]
WARNING: [filemgmt 56-99] Vivado Synthesis ignores library specification for Verilog or SystemVerilog files. [C:/ip_repo/AXISHandWritten/NeuralNetHandWritten_1_0/hdl/NeuralNetHandWritten_v1_0_S00_AXIS.v:]
WARNING: [filemgmt 56-99] Vivado Synthesis ignores library specification for Verilog or SystemVerilog files. [C:/ip_repo/AXISHandWritten/NeuralNetHandWritten_1_0/hdl/NeuralNetHandWritten_v1_0.v:]
WARNING: [filemgmt 56-99] Vivado Synthesis ignores library specification for Verilog or SystemVerilog files. [C:/ip_repo/AXISHandWritten/NeuralNetHandWritten_1_0/hdl/NeuralNetHandWritten_v1_0_M00_AXIS.v:]
WARNING: [filemgmt 56-99] Vivado Synthesis ignores library specification for Verilog or SystemVerilog files. [C:/ip_repo/AXISHandWritten/NeuralNetHandWritten_1_0/hdl/NeuralNetHandWritten_v1_0_S00_AXIS.v:]
WARNING: [filemgmt 56-99] Vivado Synthesis ignores library specification for Verilog or SystemVerilog files. [C:/ip_repo/AXISHandWritten/NeuralNetHandWritten_1_0/hdl/NeuralNetHandWritten_v1_0.v:]
[Wed Mar 24 21:08:21 2021] Launched synth_1...
Run output will be captured here: C:/ip_repo/AXISHandWritten/edit_NeuralNetHandWritten_v1_0.runs/synth_1/runme.log
open_run synth_1 -name synth_1
Design is defaulting to impl run constrset: constrs_1
Design is defaulting to synth run part: xc7a200tsbg484-1
INFO: [Netlist 29-17] Analyzing 13621 Unisim elements for replacement
INFO: [Netlist 29-28] Unisim Transformation completed in 0 CPU seconds
INFO: [Project 1-479] Netlist was created with Vivado 2018.3
INFO: [Device 21-403] Loading part xc7a200tsbg484-1
INFO: [Project 1-570] Preparing netlist for logic optimization
INFO: [Opt 31-138] Pushed 0 inverter(s) to 0 load pin(s).
Netlist sorting complete. Time (s): cpu = 00:00:00 ; elapsed = 00:00:00.016 . Memory (MB): peak = 1335.035 ; gain = 0.000
INFO: [Project 1-111] Unisim Transformation Summary:
No Unisim elements were transformed.

open_run: Time (s): cpu = 00:00:36 ; elapsed = 00:00:26 . Memory (MB): peak = 1510.477 ; gain = 648.238
report_utilization -name utilization_1
reset_run synth_1
launch_runs synth_1 -jobs 4
WARNING: [filemgmt 56-99] Vivado Synthesis ignores library specification for Verilog or SystemVerilog files. [C:/ip_repo/AXISHandWritten/NeuralNetHandWritten_1_0/hdl/NeuralNetHandWritten_v1_0_M00_AXIS.v:]
WARNING: [filemgmt 56-99] Vivado Synthesis ignores library specification for Verilog or SystemVerilog files. [C:/ip_repo/AXISHandWritten/NeuralNetHandWritten_1_0/hdl/NeuralNetHandWritten_v1_0_S00_AXIS.v:]
WARNING: [filemgmt 56-99] Vivado Synthesis ignores library specification for Verilog or SystemVerilog files. [C:/ip_repo/AXISHandWritten/NeuralNetHandWritten_1_0/hdl/NeuralNetHandWritten_v1_0.v:]
WARNING: [filemgmt 56-99] Vivado Synthesis ignores library specification for Verilog or SystemVerilog files. [C:/ip_repo/AXISHandWritten/NeuralNetHandWritten_1_0/hdl/NeuralNetHandWritten_v1_0_M00_AXIS.v:]
WARNING: [filemgmt 56-99] Vivado Synthesis ignores library specification for Verilog or SystemVerilog files. [C:/ip_repo/AXISHandWritten/NeuralNetHandWritten_1_0/hdl/NeuralNetHandWritten_v1_0_S00_AXIS.v:]
WARNING: [filemgmt 56-99] Vivado Synthesis ignores library specification for Verilog or SystemVerilog files. [C:/ip_repo/AXISHandWritten/NeuralNetHandWritten_1_0/hdl/NeuralNetHandWritten_v1_0.v:]
[Wed Mar 24 21:44:08 2021] Launched synth_1...
Run output will be captured here: C:/ip_repo/AXISHandWritten/edit_NeuralNetHandWritten_v1_0.runs/synth_1/runme.log
close_design
reset_run synth_1
launch_runs synth_1 -jobs 4
WARNING: [filemgmt 56-99] Vivado Synthesis ignores library specification for Verilog or SystemVerilog files. [C:/ip_repo/AXISHandWritten/NeuralNetHandWritten_1_0/hdl/NeuralNetHandWritten_v1_0_M00_AXIS.v:]
WARNING: [filemgmt 56-99] Vivado Synthesis ignores library specification for Verilog or SystemVerilog files. [C:/ip_repo/AXISHandWritten/NeuralNetHandWritten_1_0/hdl/NeuralNetHandWritten_v1_0_S00_AXIS.v:]
WARNING: [filemgmt 56-99] Vivado Synthesis ignores library specification for Verilog or SystemVerilog files. [C:/ip_repo/AXISHandWritten/NeuralNetHandWritten_1_0/hdl/NeuralNetHandWritten_v1_0.v:]
WARNING: [filemgmt 56-99] Vivado Synthesis ignores library specification for Verilog or SystemVerilog files. [C:/ip_repo/AXISHandWritten/NeuralNetHandWritten_1_0/hdl/NeuralNetHandWritten_v1_0_M00_AXIS.v:]
WARNING: [filemgmt 56-99] Vivado Synthesis ignores library specification for Verilog or SystemVerilog files. [C:/ip_repo/AXISHandWritten/NeuralNetHandWritten_1_0/hdl/NeuralNetHandWritten_v1_0_S00_AXIS.v:]
WARNING: [filemgmt 56-99] Vivado Synthesis ignores library specification for Verilog or SystemVerilog files. [C:/ip_repo/AXISHandWritten/NeuralNetHandWritten_1_0/hdl/NeuralNetHandWritten_v1_0.v:]
[Wed Mar 24 21:48:19 2021] Launched synth_1...
Run output will be captured here: C:/ip_repo/AXISHandWritten/edit_NeuralNetHandWritten_v1_0.runs/synth_1/runme.log
reset_run synth_1
launch_runs synth_1 -jobs 4
WARNING: [filemgmt 56-99] Vivado Synthesis ignores library specification for Verilog or SystemVerilog files. [C:/ip_repo/AXISHandWritten/NeuralNetHandWritten_1_0/hdl/NeuralNetHandWritten_v1_0_M00_AXIS.v:]
WARNING: [filemgmt 56-99] Vivado Synthesis ignores library specification for Verilog or SystemVerilog files. [C:/ip_repo/AXISHandWritten/NeuralNetHandWritten_1_0/hdl/NeuralNetHandWritten_v1_0_S00_AXIS.v:]
WARNING: [filemgmt 56-99] Vivado Synthesis ignores library specification for Verilog or SystemVerilog files. [C:/ip_repo/AXISHandWritten/NeuralNetHandWritten_1_0/hdl/NeuralNetHandWritten_v1_0.v:]
WARNING: [filemgmt 56-99] Vivado Synthesis ignores library specification for Verilog or SystemVerilog files. [C:/ip_repo/AXISHandWritten/NeuralNetHandWritten_1_0/hdl/NeuralNetHandWritten_v1_0_M00_AXIS.v:]
WARNING: [filemgmt 56-99] Vivado Synthesis ignores library specification for Verilog or SystemVerilog files. [C:/ip_repo/AXISHandWritten/NeuralNetHandWritten_1_0/hdl/NeuralNetHandWritten_v1_0_S00_AXIS.v:]
WARNING: [filemgmt 56-99] Vivado Synthesis ignores library specification for Verilog or SystemVerilog files. [C:/ip_repo/AXISHandWritten/NeuralNetHandWritten_1_0/hdl/NeuralNetHandWritten_v1_0.v:]
[Wed Mar 24 22:07:50 2021] Launched synth_1...
Run output will be captured here: C:/ip_repo/AXISHandWritten/edit_NeuralNetHandWritten_v1_0.runs/synth_1/runme.log
reset_run synth_1
launch_runs synth_1 -jobs 4
WARNING: [filemgmt 56-99] Vivado Synthesis ignores library specification for Verilog or SystemVerilog files. [C:/ip_repo/AXISHandWritten/NeuralNetHandWritten_1_0/hdl/NeuralNetHandWritten_v1_0_M00_AXIS.v:]
WARNING: [filemgmt 56-99] Vivado Synthesis ignores library specification for Verilog or SystemVerilog files. [C:/ip_repo/AXISHandWritten/NeuralNetHandWritten_1_0/hdl/NeuralNetHandWritten_v1_0_S00_AXIS.v:]
WARNING: [filemgmt 56-99] Vivado Synthesis ignores library specification for Verilog or SystemVerilog files. [C:/ip_repo/AXISHandWritten/NeuralNetHandWritten_1_0/hdl/NeuralNetHandWritten_v1_0.v:]
WARNING: [filemgmt 56-99] Vivado Synthesis ignores library specification for Verilog or SystemVerilog files. [C:/ip_repo/AXISHandWritten/NeuralNetHandWritten_1_0/hdl/NeuralNetHandWritten_v1_0_M00_AXIS.v:]
WARNING: [filemgmt 56-99] Vivado Synthesis ignores library specification for Verilog or SystemVerilog files. [C:/ip_repo/AXISHandWritten/NeuralNetHandWritten_1_0/hdl/NeuralNetHandWritten_v1_0_S00_AXIS.v:]
WARNING: [filemgmt 56-99] Vivado Synthesis ignores library specification for Verilog or SystemVerilog files. [C:/ip_repo/AXISHandWritten/NeuralNetHandWritten_1_0/hdl/NeuralNetHandWritten_v1_0.v:]
[Wed Mar 24 22:08:49 2021] Launched synth_1...
Run output will be captured here: C:/ip_repo/AXISHandWritten/edit_NeuralNetHandWritten_v1_0.runs/synth_1/runme.log
exit
INFO: [Common 17-206] Exiting Vivado at Wed Mar 24 23:37:26 2021...
